0 verbose cli /usr/local/nvm/versions/node/v18.12.1/bin/node /usr/local/nvm/versions/node/v18.12.1/bin/npm
1 info using npm@8.19.2
2 info using node@v18.12.1
3 timing npm:load:whichnode Completed in 0ms
4 timing config:load:defaults Completed in 2ms
5 timing config:load:file:/usr/local/nvm/versions/node/v18.12.1/lib/node_modules/npm/npmrc Completed in 1ms
6 timing config:load:builtin Completed in 1ms
7 timing config:load:cli Completed in 1ms
8 timing config:load:env Completed in 1ms
9 timing config:load:file:/home/user109/events-app/external/.npmrc Completed in 0ms
10 timing config:load:project Completed in 21ms
11 timing config:load:file:/home/user109/.npmrc Completed in 0ms
12 timing config:load:user Completed in 1ms
13 timing config:load:file:/usr/local/nvm/versions/node/v18.12.1/etc/npmrc Completed in 0ms
14 timing config:load:global Completed in 0ms
15 timing config:load:validate Completed in 0ms
16 timing config:load:credentials Completed in 1ms
17 timing config:load:setEnvs Completed in 1ms
18 timing config:load Completed in 30ms
19 timing npm:load:configload Completed in 30ms
20 timing npm:load:mkdirpcache Completed in 0ms
21 timing npm:load:mkdirplogs Completed in 0ms
22 verbose title npm install
23 verbose argv "install"
24 timing npm:load:setTitle Completed in 1ms
25 timing config:load:flatten Completed in 4ms
26 timing npm:load:display Completed in 6ms
27 verbose logfile logs-max:10 dir:/home/user109/.npm/_logs
28 verbose logfile /home/user109/.npm/_logs/2023-10-10T17_05_45_473Z-debug-0.log
29 timing npm:load:logFile Completed in 5ms
30 timing npm:load:timers Completed in 0ms
31 timing npm:load:configScope Completed in 0ms
32 timing npm:load Completed in 45ms
33 timing arborist:ctor Completed in 1ms
34 silly logfile done cleaning log files
35 timing idealTree:init Completed in 330ms
36 timing idealTree:userRequests Completed in 1ms
37 silly idealTree buildDeps
38 timing idealTree:#root Completed in 1ms
39 timing idealTree:buildDeps Completed in 1ms
40 timing idealTree:fixDepFlags Completed in 0ms
41 timing idealTree Completed in 339ms
42 timing reify:loadTrees Completed in 347ms
43 timing reify:diffTrees Completed in 6ms
44 silly reify moves {}
45 timing reify:retireShallow Completed in 2ms
46 timing reify:createSparse Completed in 118ms
47 timing reify:loadBundles Completed in 0ms
48 silly audit bulk request {
48 silly audit   '@ampproject/remapping': [ '2.1.2' ],
48 silly audit   '@babel/code-frame': [ '7.16.7' ],
48 silly audit   '@babel/compat-data': [ '7.17.0' ],
48 silly audit   '@babel/core': [ '7.17.5' ],
48 silly audit   debug: [ '4.3.3', '2.6.9', '3.2.6', '4.1.1' ],
48 silly audit   ms: [ '2.1.2', '2.0.0', '2.1.3', '2.1.1' ],
48 silly audit   semver: [ '6.3.0', '5.7.1' ],
48 silly audit   '@babel/generator': [ '7.17.3' ],
48 silly audit   'source-map': [ '0.5.7', '0.6.1' ],
48 silly audit   '@babel/helper-compilation-targets': [ '7.16.7' ],
48 silly audit   '@babel/helper-environment-visitor': [ '7.16.7' ],
48 silly audit   '@babel/helper-function-name': [ '7.16.7' ],
48 silly audit   '@babel/helper-get-function-arity': [ '7.16.7' ],
48 silly audit   '@babel/helper-hoist-variables': [ '7.16.7' ],
48 silly audit   '@babel/helper-module-imports': [ '7.16.7' ],
48 silly audit   '@babel/helper-module-transforms': [ '7.17.6' ],
48 silly audit   '@babel/helper-simple-access': [ '7.16.7' ],
48 silly audit   '@babel/helper-split-export-declaration': [ '7.16.7' ],
48 silly audit   '@babel/helper-validator-identifier': [ '7.16.7' ],
48 silly audit   '@babel/helper-validator-option': [ '7.16.7' ],
48 silly audit   '@babel/helpers': [ '7.17.2' ],
48 silly audit   '@babel/highlight': [ '7.16.10' ],
48 silly audit   'ansi-styles': [ '3.2.1', '4.3.0' ],
48 silly audit   chalk: [ '2.4.2', '4.1.2' ],
48 silly audit   'color-convert': [ '1.9.3', '2.0.1' ],
48 silly audit   'color-name': [ '1.1.3', '1.1.4' ],
48 silly audit   'escape-string-regexp': [ '1.0.5', '4.0.0' ],
48 silly audit   'has-flag': [ '3.0.0', '4.0.0' ],
48 silly audit   'supports-color': [ '5.5.0', '7.2.0', '8.1.1' ],
48 silly audit   '@babel/parser': [ '7.17.3' ],
48 silly audit   '@babel/template': [ '7.16.7' ],
48 silly audit   '@babel/traverse': [ '7.17.3' ],
48 silly audit   '@babel/types': [ '7.17.0' ],
48 silly audit   '@istanbuljs/load-nyc-config': [ '1.1.0' ],
48 silly audit   argparse: [ '1.0.10', '2.0.1' ],
48 silly audit   'find-up': [ '4.1.0', '5.0.0' ],
48 silly audit   'js-yaml': [ '3.14.1', '4.1.0' ],
48 silly audit   'locate-path': [ '5.0.0', '6.0.0' ],
48 silly audit   'p-limit': [ '2.3.0', '3.1.0' ],
48 silly audit   'p-locate': [ '4.1.0', '5.0.0' ],
48 silly audit   '@istanbuljs/schema': [ '0.1.3' ],
48 silly audit   '@jridgewell/resolve-uri': [ '3.0.5' ],
48 silly audit   '@jridgewell/sourcemap-codec': [ '1.4.11' ],
48 silly audit   '@jridgewell/trace-mapping': [ '0.3.4' ],
48 silly audit   '@ungap/promise-all-settled': [ '1.1.2' ],
48 silly audit   accepts: [ '1.3.7' ],
48 silly audit   'aggregate-error': [ '3.1.0' ],
48 silly audit   ajv: [ '6.12.6' ],
48 silly audit   'ansi-colors': [ '4.1.1' ],
48 silly audit   'ansi-regex': [ '5.0.1' ],
48 silly audit   anymatch: [ '3.1.2' ],
48 silly audit   'append-transform': [ '2.0.0' ],
48 silly audit   archy: [ '1.0.0' ],
48 silly audit   'array-flatten': [ '1.1.1' ],
48 silly audit   asn1: [ '0.2.4' ],
48 silly audit   'assert-plus': [ '1.0.0' ],
48 silly audit   'assertion-error': [ '1.1.0' ],
48 silly audit   asynckit: [ '0.4.0' ],
48 silly audit   'aws-sign2': [ '0.7.0' ],
48 silly audit   aws4: [ '1.9.1' ],
48 silly audit   'balanced-match': [ '1.0.0' ],
48 silly audit   'bcrypt-pbkdf': [ '1.0.2' ],
48 silly audit   'binary-extensions': [ '2.2.0' ],
48 silly audit   'body-parser': [ '1.19.0' ],
48 silly audit   qs: [ '6.7.0', '6.8.0', '6.5.2' ],
48 silly audit   'brace-expansion': [ '1.1.11' ],
48 silly audit   braces: [ '3.0.2' ],
48 silly audit   'browser-stdout': [ '1.3.1' ],
48 silly audit   browserslist: [ '4.19.3' ],
48 silly audit   bytes: [ '3.1.0' ],
48 silly audit   'caching-transform': [ '4.0.0' ],
48 silly audit   camelcase: [ '5.3.1', '6.3.0' ],
48 silly audit   'caniuse-lite': [ '1.0.30001312' ],
48 silly audit   caseless: [ '0.12.0' ],
48 silly audit   chai: [ '4.2.0' ],
48 silly audit   'check-error': [ '1.0.2' ],
48 silly audit   chokidar: [ '3.5.3' ],
48 silly audit   'clean-stack': [ '2.2.0' ],
48 silly audit   cliui: [ '7.0.4', '6.0.0' ],
48 silly audit   'combined-stream': [ '1.0.8' ],
48 silly audit   commander: [ '2.20.3' ],
48 silly audit   commondir: [ '1.0.1' ],
48 silly audit   'component-emitter': [ '1.3.0' ],
48 silly audit   'concat-map': [ '0.0.1' ],
48 silly audit   'content-disposition': [ '0.5.3' ],
48 silly audit   'content-type': [ '1.0.4' ],
48 silly audit   'convert-source-map': [ '1.8.0' ],
48 silly audit   cookie: [ '0.4.0' ],
48 silly audit   'cookie-signature': [ '1.0.6' ],
48 silly audit   cookiejar: [ '2.1.2' ],
48 silly audit   'core-util-is': [ '1.0.2' ],
48 silly audit   'cross-spawn': [ '7.0.3' ],
48 silly audit   dashdash: [ '1.14.1' ],
48 silly audit   decamelize: [ '1.2.0', '4.0.0' ],
48 silly audit   'deep-eql': [ '3.0.1' ],
48 silly audit   'deep-equal': [ '1.1.0' ],
48 silly audit   'default-require-extensions': [ '3.0.0' ],
48 silly audit   'define-properties': [ '1.1.3' ],
48 silly audit   'delayed-stream': [ '1.0.0' ],
48 silly audit   depd: [ '1.1.2' ],
48 silly audit   destroy: [ '1.0.4' ],
48 silly audit   diff: [ '5.0.0' ],
48 silly audit   'ecc-jsbn': [ '0.1.2' ],
48 silly audit   'ee-first': [ '1.1.1' ],
48 silly audit   'electron-to-chromium': [ '1.4.75' ],
48 silly audit   'emoji-regex': [ '8.0.0' ],
48 silly audit   encodeurl: [ '1.0.2' ],
48 silly audit   'es6-error': [ '4.1.1' ],
48 silly audit   escalade: [ '3.1.1' ],
48 silly audit   'escape-html': [ '1.0.3' ],
48 silly audit   esprima: [ '4.0.1' ],
48 silly audit   etag: [ '1.8.1' ],
48 silly audit   express: [ '4.17.1' ],
48 silly audit   'express-handlebars': [ '6.0.2' ],
48 silly audit   extend: [ '3.0.2' ],
48 silly audit   extsprintf: [ '1.3.0' ],
48 silly audit   'fast-deep-equal': [ '3.1.1' ],
48 silly audit   'fast-json-stable-stringify': [ '2.1.0' ],
48 silly audit   'fill-range': [ '7.0.1' ],
48 silly audit   finalhandler: [ '1.1.2' ],
48 silly audit   'find-cache-dir': [ '3.3.2' ],
48 silly audit   flat: [ '5.0.2' ],
48 silly audit   'foreground-child': [ '2.0.0' ],
48 silly audit   'forever-agent': [ '0.6.1' ],
48 silly audit   'form-data': [ '2.5.0', '2.3.3' ],
48 silly audit   formidable: [ '1.2.1' ],
48 silly audit   forwarded: [ '0.1.2' ],
48 silly audit   fresh: [ '0.5.2' ],
48 silly audit   fromentries: [ '1.3.2' ],
48 silly audit   'fs.realpath': [ '1.0.0' ],
48 silly audit   fsevents: [ '2.3.2' ],
48 silly audit   'function-bind': [ '1.1.1' ],
48 silly audit   gensync: [ '1.0.0-beta.2' ],
48 silly audit   'get-caller-file': [ '2.0.5' ],
48 silly audit   'get-func-name': [ '2.0.0' ],
48 silly audit   'get-package-type': [ '0.1.0' ],
48 silly audit   getpass: [ '0.1.7' ],
48 silly audit   glob: [ '7.2.0' ],
48 silly audit   'glob-parent': [ '5.1.2' ],
48 silly audit   globals: [ '11.12.0' ],
48 silly audit   'graceful-fs': [ '4.2.9' ],
48 silly audit   growl: [ '1.10.5' ],
48 silly audit   handlebars: [ '4.7.7' ],
48 silly audit   'har-schema': [ '2.0.0' ],
48 silly audit   'har-validator': [ '5.1.3' ],
48 silly audit   has: [ '1.0.3' ],
48 silly audit   hasha: [ '5.2.2' ],
48 silly audit   he: [ '1.2.0' ],
48 silly audit   'html-escaper': [ '2.0.2' ],
48 silly audit   'http-errors': [ '1.7.2' ],
48 silly audit   inherits: [ '2.0.3', '2.0.4' ],
48 silly audit   'http-signature': [ '1.2.0' ],
48 silly audit   'iconv-lite': [ '0.4.24' ],
48 silly audit   imurmurhash: [ '0.1.4' ],
48 silly audit   'indent-string': [ '4.0.0' ],
48 silly audit   inflight: [ '1.0.6' ],
48 silly audit   'ipaddr.js': [ '1.9.0' ],
48 silly audit   'is-arguments': [ '1.0.4' ],
48 silly audit   'is-binary-path': [ '2.1.0' ],
48 silly audit   'is-date-object': [ '1.0.1' ],
48 silly audit   'is-extglob': [ '2.1.1' ],
48 silly audit   'is-fullwidth-code-point': [ '3.0.0' ],
48 silly audit   'is-glob': [ '4.0.3' ],
48 silly audit   'is-number': [ '7.0.0' ],
48 silly audit   'is-plain-obj': [ '2.1.0' ],
48 silly audit   'is-regex': [ '1.0.4' ],
48 silly audit   'is-stream': [ '2.0.1' ],
48 silly audit   'is-typedarray': [ '1.0.0' ],
48 silly audit   'is-unicode-supported': [ '0.1.0' ],
48 silly audit   'is-windows': [ '1.0.2' ],
48 silly audit   isarray: [ '1.0.0' ],
48 silly audit   isexe: [ '2.0.0' ],
48 silly audit   isstream: [ '0.1.2' ],
48 silly audit   'istanbul-lib-coverage': [ '3.2.0' ],
48 silly audit   'istanbul-lib-hook': [ '3.0.0' ],
48 silly audit   'istanbul-lib-instrument': [ '4.0.3' ],
48 silly audit   'istanbul-lib-processinfo': [ '2.0.2' ],
48 silly audit   'istanbul-lib-report': [ '3.0.0' ],
48 silly audit   'istanbul-lib-source-maps': [ '4.0.1' ],
48 silly audit   'istanbul-reports': [ '3.1.4' ],
48 silly audit   'js-tokens': [ '4.0.0' ],
48 silly audit   jsbn: [ '0.1.1' ],
48 silly audit   jsesc: [ '2.5.2' ],
48 silly audit   'json-schema': [ '0.4.0' ],
48 silly audit   'json-schema-traverse': [ '0.4.1' ],
48 silly audit   'json-stringify-safe': [ '5.0.1' ],
48 silly audit   json5: [ '2.2.0' ],
48 silly audit   jsprim: [ '1.4.2' ],
48 silly audit   lodash: [ '4.17.21' ],
48 silly audit   'lodash.flattendeep': [ '4.4.0' ],
48 silly audit   'log-symbols': [ '4.1.0' ],
48 silly audit   'make-dir': [ '3.1.0' ],
48 silly audit   'media-typer': [ '0.3.0' ],
48 silly audit   'merge-descriptors': [ '1.0.1' ],
48 silly audit   methods: [ '1.1.2' ],
48 silly audit   mime: [ '1.6.0' ],
48 silly audit   'mime-db': [ '1.40.0' ],
48 silly audit   'mime-types': [ '2.1.24' ],
48 silly audit   minimatch: [ '3.0.4' ],
48 silly audit   minimist: [ '1.2.6' ],
48 silly audit   mkdirp: [ '0.5.5' ],
48 silly audit   mocha: [ '9.2.1' ],
48 silly audit   nanoid: [ '3.2.0' ],
48 silly audit   negotiator: [ '0.6.2' ],
48 silly audit   'neo-async': [ '2.6.1' ],
48 silly audit   nock: [ '10.0.6' ],
48 silly audit   'node-preload': [ '0.2.1' ],
48 silly audit   'node-releases': [ '2.0.2' ],
48 silly audit   'normalize-path': [ '3.0.0' ],
48 silly audit   nyc: [ '15.1.0' ],
48 silly audit   'wrap-ansi': [ '6.2.0', '7.0.0' ],
48 silly audit   y18n: [ '4.0.3', '5.0.8' ],
48 silly audit   yargs: [ '15.4.1', '16.2.0' ],
48 silly audit   'yargs-parser': [ '18.1.3', '20.2.4' ],
48 silly audit   'oauth-sign': [ '0.9.0' ],
48 silly audit   'object-is': [ '1.0.1' ],
48 silly audit   'object-keys': [ '1.1.1' ],
48 silly audit   'on-finished': [ '2.3.0' ],
48 silly audit   once: [ '1.4.0' ],
48 silly audit   'p-map': [ '3.0.0' ],
48 silly audit   'p-try': [ '2.2.0' ],
48 silly audit   'package-hash': [ '4.0.0' ],
48 silly audit   parseurl: [ '1.3.3' ],
48 silly audit   'path-exists': [ '4.0.0' ],
48 silly audit   'path-is-absolute': [ '1.0.1' ],
48 silly audit   'path-key': [ '3.1.1' ],
48 silly audit   'path-to-regexp': [ '0.1.7' ],
48 silly audit   pathval: [ '1.1.1' ],
48 silly audit   'performance-now': [ '2.1.0' ],
48 silly audit   picocolors: [ '1.0.0' ],
48 silly audit   picomatch: [ '2.3.1' ],
48 silly audit   'pkg-dir': [ '4.2.0' ],
48 silly audit   'process-nextick-args': [ '2.0.1' ],
48 silly audit   'process-on-spawn': [ '1.0.0' ],
48 silly audit   propagate: [ '1.0.0' ],
48 silly audit   'proxy-addr': [ '2.0.5' ],
48 silly audit   psl: [ '1.8.0' ],
48 silly audit   punycode: [ '2.1.1' ],
48 silly audit   randombytes: [ '2.1.0' ],
48 silly audit   'range-parser': [ '1.2.1' ],
48 silly audit   'raw-body': [ '2.4.0' ],
48 silly audit   'readable-stream': [ '2.3.6' ],
48 silly audit   readdirp: [ '3.6.0' ],
48 silly audit   'regexp.prototype.flags': [ '1.2.0' ],
48 silly audit   'release-zalgo': [ '1.0.0' ],
48 silly audit   request: [ '2.88.2' ],
48 silly audit   'require-directory': [ '2.1.1' ],
48 silly audit   'require-main-filename': [ '2.0.0' ],
48 silly audit   'resolve-from': [ '5.0.0' ],
48 silly audit   rimraf: [ '3.0.2' ],
48 silly audit   'safe-buffer': [ '5.1.2' ],
48 silly audit   'safer-buffer': [ '2.1.2' ],
48 silly audit   send: [ '0.17.1' ],
48 silly audit   'serialize-javascript': [ '6.0.0' ],
48 silly audit   'serve-static': [ '1.14.1' ],
48 silly audit   'set-blocking': [ '2.0.0' ],
48 silly audit   setprototypeof: [ '1.1.1' ],
48 silly audit   'shebang-command': [ '2.0.0' ],
48 silly audit   'shebang-regex': [ '3.0.0' ],
48 silly audit   'signal-exit': [ '3.0.7' ],
48 silly audit   'spawn-wrap': [ '2.0.0' ],
48 silly audit   'sprintf-js': [ '1.0.3' ],
48 silly audit   sshpk: [ '1.16.1' ],
48 silly audit   statuses: [ '1.5.0' ],
48 silly audit   string_decoder: [ '1.1.1' ],
48 silly audit   'string-width': [ '4.2.3' ],
48 silly audit   'strip-ansi': [ '6.0.1' ],
48 silly audit   'strip-bom': [ '4.0.0' ],
48 silly audit   'strip-json-comments': [ '3.1.1' ],
48 silly audit   superagent: [ '3.8.3' ],
48 silly audit   supertest: [ '4.0.2' ],
48 silly audit   'test-exclude': [ '6.0.0' ],
48 silly audit   'to-fast-properties': [ '2.0.0' ],
48 silly audit   'to-regex-range': [ '5.0.1' ],
48 silly audit   toidentifier: [ '1.0.0' ],
48 silly audit   'tough-cookie': [ '2.5.0' ],
48 silly audit   'tunnel-agent': [ '0.6.0' ],
48 silly audit   tweetnacl: [ '0.14.5' ],
48 silly audit   'type-detect': [ '4.0.8' ],
48 silly audit   'type-fest': [ '0.8.1' ],
48 silly audit   'type-is': [ '1.6.18' ],
48 silly audit   'typedarray-to-buffer': [ '3.1.5' ],
48 silly audit   'uglify-js': [ '3.9.2' ],
48 silly audit   unpipe: [ '1.0.0' ],
48 silly audit   'uri-js': [ '4.2.2' ],
48 silly audit   'util-deprecate': [ '1.0.2' ],
48 silly audit   'utils-merge': [ '1.0.1' ],
48 silly audit   uuid: [ '3.3.3' ],
48 silly audit   vary: [ '1.1.2' ],
48 silly audit   verror: [ '1.10.0' ],
48 silly audit   which: [ '2.0.2' ],
48 silly audit   'which-module': [ '2.0.0' ],
48 silly audit   wordwrap: [ '1.0.0' ],
48 silly audit   workerpool: [ '6.2.0' ],
48 silly audit   wrappy: [ '1.0.2' ],
48 silly audit   'write-file-atomic': [ '3.0.3' ],
48 silly audit   'yargs-unparser': [ '2.0.0' ],
48 silly audit   'yocto-queue': [ '0.1.0' ]
48 silly audit }
49 verbose reify failed optional dependency /home/user109/events-app/external/node_modules/fsevents
50 silly reify mark deleted [ '/home/user109/events-app/external/node_modules/fsevents' ]
51 timing reifyNode:node_modules/fsevents Completed in 164ms
52 silly tarball no local data for wordwrap@https://registry.npmjs.org/wordwrap/-/wordwrap-1.0.0.tgz. Extracting by manifest.
53 silly tarball no local data for verror@https://registry.npmjs.org/verror/-/verror-1.10.0.tgz. Extracting by manifest.
54 silly tarball no local data for uuid@https://registry.npmjs.org/uuid/-/uuid-3.3.3.tgz. Extracting by manifest.
55 silly tarball no local data for uri-js@https://registry.npmjs.org/uri-js/-/uri-js-4.2.2.tgz. Extracting by manifest.
56 silly tarball no local data for uglify-js@https://registry.npmjs.org/uglify-js/-/uglify-js-3.9.2.tgz. Extracting by manifest.
57 silly tarball no local data for tweetnacl@https://registry.npmjs.org/tweetnacl/-/tweetnacl-0.14.5.tgz. Extracting by manifest.
58 silly tarball no local data for tunnel-agent@https://registry.npmjs.org/tunnel-agent/-/tunnel-agent-0.6.0.tgz. Extracting by manifest.
59 silly tarball no local data for tough-cookie@https://registry.npmjs.org/tough-cookie/-/tough-cookie-2.5.0.tgz. Extracting by manifest.
60 silly tarball no local data for sshpk@https://registry.npmjs.org/sshpk/-/sshpk-1.16.1.tgz. Extracting by manifest.
61 silly tarball no local data for semver@https://registry.npmjs.org/semver/-/semver-5.7.1.tgz. Extracting by manifest.
62 silly tarball no local data for request@https://registry.npmjs.org/request/-/request-2.88.2.tgz. Extracting by manifest.
63 silly tarball no local data for regexp.prototype.flags@https://registry.npmjs.org/regexp.prototype.flags/-/regexp.prototype.flags-1.2.0.tgz. Extracting by manifest.
64 silly tarball no local data for readable-stream@https://registry.npmjs.org/readable-stream/-/readable-stream-2.3.6.tgz. Extracting by manifest.
65 silly tarball no local data for qs@https://registry.npmjs.org/qs/-/qs-6.8.0.tgz. Extracting by manifest.
66 silly tarball no local data for punycode@https://registry.npmjs.org/punycode/-/punycode-2.1.1.tgz. Extracting by manifest.
67 silly tarball no local data for psl@https://registry.npmjs.org/psl/-/psl-1.8.0.tgz. Extracting by manifest.
68 silly tarball no local data for propagate@https://registry.npmjs.org/propagate/-/propagate-1.0.0.tgz. Extracting by manifest.
69 silly tarball no local data for performance-now@https://registry.npmjs.org/performance-now/-/performance-now-2.1.0.tgz. Extracting by manifest.
70 silly tarball no local data for object-keys@https://registry.npmjs.org/object-keys/-/object-keys-1.1.1.tgz. Extracting by manifest.
71 silly tarball no local data for object-is@https://registry.npmjs.org/object-is/-/object-is-1.0.1.tgz. Extracting by manifest.
72 silly tarball no local data for oauth-sign@https://registry.npmjs.org/oauth-sign/-/oauth-sign-0.9.0.tgz. Extracting by manifest.
73 silly tarball no local data for nock@https://registry.npmjs.org/nock/-/nock-10.0.6.tgz. Extracting by manifest.
74 silly tarball no local data for neo-async@https://registry.npmjs.org/neo-async/-/neo-async-2.6.1.tgz. Extracting by manifest.
75 silly tarball no local data for mkdirp@https://registry.npmjs.org/mkdirp/-/mkdirp-0.5.5.tgz. Extracting by manifest.
76 silly tarball no local data for lodash@https://registry.npmjs.org/lodash/-/lodash-4.17.21.tgz. Extracting by manifest.
77 silly tarball no local data for jsprim@https://registry.npmjs.org/jsprim/-/jsprim-1.4.2.tgz. Extracting by manifest.
78 silly tarball no local data for json-stringify-safe@https://registry.npmjs.org/json-stringify-safe/-/json-stringify-safe-5.0.1.tgz. Extracting by manifest.
79 silly tarball no local data for json-schema-traverse@https://registry.npmjs.org/json-schema-traverse/-/json-schema-traverse-0.4.1.tgz. Extracting by manifest.
80 silly tarball no local data for json-schema@https://registry.npmjs.org/json-schema/-/json-schema-0.4.0.tgz. Extracting by manifest.
81 silly tarball no local data for jsbn@https://registry.npmjs.org/jsbn/-/jsbn-0.1.1.tgz. Extracting by manifest.
82 silly tarball no local data for isstream@https://registry.npmjs.org/isstream/-/isstream-0.1.2.tgz. Extracting by manifest.
83 silly tarball no local data for is-regex@https://registry.npmjs.org/is-regex/-/is-regex-1.0.4.tgz. Extracting by manifest.
84 silly tarball no local data for is-date-object@https://registry.npmjs.org/is-date-object/-/is-date-object-1.0.1.tgz. Extracting by manifest.
85 silly tarball no local data for is-arguments@https://registry.npmjs.org/is-arguments/-/is-arguments-1.0.4.tgz. Extracting by manifest.
86 silly tarball no local data for inherits@https://registry.npmjs.org/inherits/-/inherits-2.0.4.tgz. Extracting by manifest.
87 silly tarball no local data for http-signature@https://registry.npmjs.org/http-signature/-/http-signature-1.2.0.tgz. Extracting by manifest.
88 silly tarball no local data for has@https://registry.npmjs.org/has/-/has-1.0.3.tgz. Extracting by manifest.
89 silly tarball no local data for har-validator@https://registry.npmjs.org/har-validator/-/har-validator-5.1.3.tgz. Extracting by manifest.
90 silly tarball no local data for har-schema@https://registry.npmjs.org/har-schema/-/har-schema-2.0.0.tgz. Extracting by manifest.
91 silly tarball no local data for handlebars@https://registry.npmjs.org/handlebars/-/handlebars-4.7.7.tgz. Extracting by manifest.
92 silly tarball no local data for getpass@https://registry.npmjs.org/getpass/-/getpass-0.1.7.tgz. Extracting by manifest.
93 silly tarball no local data for function-bind@https://registry.npmjs.org/function-bind/-/function-bind-1.1.1.tgz. Extracting by manifest.
94 silly tarball no local data for forever-agent@https://registry.npmjs.org/forever-agent/-/forever-agent-0.6.1.tgz. Extracting by manifest.
95 silly tarball no local data for fast-json-stable-stringify@https://registry.npmjs.org/fast-json-stable-stringify/-/fast-json-stable-stringify-2.1.0.tgz. Extracting by manifest.
96 silly tarball no local data for fast-deep-equal@https://registry.npmjs.org/fast-deep-equal/-/fast-deep-equal-3.1.1.tgz. Extracting by manifest.
97 silly tarball no local data for extsprintf@https://registry.npmjs.org/extsprintf/-/extsprintf-1.3.0.tgz. Extracting by manifest.
98 silly tarball no local data for express-handlebars@https://registry.npmjs.org/express-handlebars/-/express-handlebars-6.0.2.tgz. Extracting by manifest.
99 silly tarball no local data for ecc-jsbn@https://registry.npmjs.org/ecc-jsbn/-/ecc-jsbn-0.1.2.tgz. Extracting by manifest.
100 silly tarball no local data for define-properties@https://registry.npmjs.org/define-properties/-/define-properties-1.1.3.tgz. Extracting by manifest.
101 silly tarball no local data for deep-equal@https://registry.npmjs.org/deep-equal/-/deep-equal-1.1.0.tgz. Extracting by manifest.
102 silly tarball no local data for dashdash@https://registry.npmjs.org/dashdash/-/dashdash-1.14.1.tgz. Extracting by manifest.
103 silly tarball no local data for commander@https://registry.npmjs.org/commander/-/commander-2.20.3.tgz. Extracting by manifest.
104 silly tarball no local data for caseless@https://registry.npmjs.org/caseless/-/caseless-0.12.0.tgz. Extracting by manifest.
105 silly tarball no local data for bcrypt-pbkdf@https://registry.npmjs.org/bcrypt-pbkdf/-/bcrypt-pbkdf-1.0.2.tgz. Extracting by manifest.
106 silly tarball no local data for aws4@https://registry.npmjs.org/aws4/-/aws4-1.9.1.tgz. Extracting by manifest.
107 silly tarball no local data for aws-sign2@https://registry.npmjs.org/aws-sign2/-/aws-sign2-0.7.0.tgz. Extracting by manifest.
108 silly tarball no local data for assert-plus@https://registry.npmjs.org/assert-plus/-/assert-plus-1.0.0.tgz. Extracting by manifest.
109 silly tarball no local data for asn1@https://registry.npmjs.org/asn1/-/asn1-0.2.4.tgz. Extracting by manifest.
110 silly tarball no local data for ajv@https://registry.npmjs.org/ajv/-/ajv-6.12.6.tgz. Extracting by manifest.
111 silly tarball no local data for qs@https://registry.npmjs.org/qs/-/qs-6.5.2.tgz. Extracting by manifest.
112 silly tarball no local data for form-data@https://registry.npmjs.org/form-data/-/form-data-2.3.3.tgz. Extracting by manifest.
113 silly tarball no local data for debug@https://registry.npmjs.org/debug/-/debug-4.1.1.tgz. Extracting by manifest.
114 http fetch POST 200 https://registry.npmjs.org/-/npm/v1/security/advisories/bulk 1174ms
115 timing auditReport:getReport Completed in 1183ms
116 silly audit report {
116 silly audit report   debug: [
116 silly audit report     {
116 silly audit report       id: 1094219,
116 silly audit report       url: 'https://github.com/advisories/GHSA-gxpj-cx7g-858c',
116 silly audit report       title: 'Regular Expression Denial of Service in debug',
116 silly audit report       severity: 'moderate',
116 silly audit report       vulnerable_versions: '>=4.0.0 <4.3.1',
116 silly audit report       cwe: [Array],
116 silly audit report       cvss: [Object]
116 silly audit report     },
116 silly audit report     {
116 silly audit report       id: 1094220,
116 silly audit report       url: 'https://github.com/advisories/GHSA-gxpj-cx7g-858c',
116 silly audit report       title: 'Regular Expression Denial of Service in debug',
116 silly audit report       severity: 'moderate',
116 silly audit report       vulnerable_versions: '>=3.2.0 <3.2.7',
116 silly audit report       cwe: [Array],
116 silly audit report       cvss: [Object]
116 silly audit report     }
116 silly audit report   ],
116 silly audit report   semver: [
116 silly audit report     {
116 silly audit report       id: 1093262,
116 silly audit report       url: 'https://github.com/advisories/GHSA-c2qf-rxjj-qqgw',
116 silly audit report       title: 'semver vulnerable to Regular Expression Denial of Service',
116 silly audit report       severity: 'moderate',
116 silly audit report       vulnerable_versions: '<5.7.2',
116 silly audit report       cwe: [Array],
116 silly audit report       cvss: [Object]
116 silly audit report     },
116 silly audit report     {
116 silly audit report       id: 1093263,
116 silly audit report       url: 'https://github.com/advisories/GHSA-c2qf-rxjj-qqgw',
116 silly audit report       title: 'semver vulnerable to Regular Expression Denial of Service',
116 silly audit report       severity: 'moderate',
116 silly audit report       vulnerable_versions: '>=6.0.0 <6.3.1',
116 silly audit report       cwe: [Array],
116 silly audit report       cvss: [Object]
116 silly audit report     }
116 silly audit report   ],
116 silly audit report   qs: [
116 silly audit report     {
116 silly audit report       id: 1094097,
116 silly audit report       url: 'https://github.com/advisories/GHSA-hrpp-h998-j3pp',
116 silly audit report       title: 'qs vulnerable to Prototype Pollution',
116 silly audit report       severity: 'high',
116 silly audit report       vulnerable_versions: '>=6.5.0 <6.5.3',
116 silly audit report       cwe: [Array],
116 silly audit report       cvss: [Object]
116 silly audit report     },
116 silly audit report     {
116 silly audit report       id: 1094099,
116 silly audit report       url: 'https://github.com/advisories/GHSA-hrpp-h998-j3pp',
116 silly audit report       title: 'qs vulnerable to Prototype Pollution',
116 silly audit report       severity: 'high',
116 silly audit report       vulnerable_versions: '>=6.7.0 <6.7.3',
116 silly audit report       cwe: [Array],
116 silly audit report       cvss: [Object]
116 silly audit report     },
116 silly audit report     {
116 silly audit report       id: 1094100,
116 silly audit report       url: 'https://github.com/advisories/GHSA-hrpp-h998-j3pp',
116 silly audit report       title: 'qs vulnerable to Prototype Pollution',
116 silly audit report       severity: 'high',
116 silly audit report       vulnerable_versions: '>=6.8.0 <6.8.3',
116 silly audit report       cwe: [Array],
116 silly audit report       cvss: [Object]
116 silly audit report     }
116 silly audit report   ],
116 silly audit report   cookiejar: [
116 silly audit report     {
116 silly audit report       id: 1088659,
116 silly audit report       url: 'https://github.com/advisories/GHSA-h452-7996-h45h',
116 silly audit report       title: 'cookiejar Regular Expression Denial of Service via Cookie.parse function',
116 silly audit report       severity: 'moderate',
116 silly audit report       vulnerable_versions: '<2.1.4',
116 silly audit report       cwe: [Array],
116 silly audit report       cvss: [Object]
116 silly audit report     }
116 silly audit report   ],
116 silly audit report   'get-func-name': [
116 silly audit report     {
116 silly audit report       id: 1094228,
116 silly audit report       url: 'https://github.com/advisories/GHSA-4q6p-r6v2-jvc5',
116 silly audit report       title: 'Chaijs/get-func-name vulnerable to ReDoS',
116 silly audit report       severity: 'high',
116 silly audit report       vulnerable_versions: '<2.0.1',
116 silly audit report       cwe: [Array],
116 silly audit report       cvss: [Object]
116 silly audit report     }
116 silly audit report   ],
116 silly audit report   json5: [
116 silly audit report     {
116 silly audit report       id: 1093382,
116 silly audit report       url: 'https://github.com/advisories/GHSA-9c47-m6qq-7p4h',
116 silly audit report       title: 'Prototype Pollution in JSON5 via Parse Method',
116 silly audit report       severity: 'high',
116 silly audit report       vulnerable_versions: '>=2.0.0 <2.2.2',
116 silly audit report       cwe: [Array],
116 silly audit report       cvss: [Object]
116 silly audit report     }
116 silly audit report   ],
116 silly audit report   minimatch: [
116 silly audit report     {
116 silly audit report       id: 1094009,
116 silly audit report       url: 'https://github.com/advisories/GHSA-f8q6-p94x-37v3',
116 silly audit report       title: 'minimatch ReDoS vulnerability',
116 silly audit report       severity: 'high',
116 silly audit report       vulnerable_versions: '<3.0.5',
116 silly audit report       cwe: [Array],
116 silly audit report       cvss: [Object]
116 silly audit report     }
116 silly audit report   ],
116 silly audit report   request: [
116 silly audit report     {
116 silly audit report       id: 1092972,
116 silly audit report       url: 'https://github.com/advisories/GHSA-p8p7-x288-28g6',
116 silly audit report       title: 'Server-Side Request Forgery in Request',
116 silly audit report       severity: 'moderate',
116 silly audit report       vulnerable_versions: '<=2.88.2',
116 silly audit report       cwe: [Array],
116 silly audit report       cvss: [Object]
116 silly audit report     }
116 silly audit report   ],
116 silly audit report   'tough-cookie': [
116 silly audit report     {
116 silly audit report       id: 1092470,
116 silly audit report       url: 'https://github.com/advisories/GHSA-72xf-g2v4-qvf3',
116 silly audit report       title: 'tough-cookie Prototype Pollution vulnerability',
116 silly audit report       severity: 'moderate',
116 silly audit report       vulnerable_versions: '<4.1.3',
116 silly audit report       cwe: [Array],
116 silly audit report       cvss: [Object]
116 silly audit report     }
116 silly audit report   ]
116 silly audit report }
117 timing metavuln:cache:get:security-advisory:debug:DIS0qOHGMQHfGizACLqmdh32TGdXt3c02/sE+vfgw3Ufl23/9eUFeWJD0zJM401RjUZQkeHz8iWvphXyxge7Fw== Completed in 68ms
118 timing metavuln:cache:get:security-advisory:semver:PlZgIkF6e3/0yLjqYqSrH86eUBw0BU9Wzsy4iARPg9G3iRIQ2GNxvejcQXeGaJot7HHphkgcPgSjq2bILFos4A== Completed in 66ms
119 timing metavuln:cache:get:security-advisory:qs:DTxlrRWiUrqzE/NusHx5bT19r3QgJFFD8fHHx+3QTlXllSHQDtcxNYbXyFKpAbJm79uv64Kv+bUe47xyYbLjsA== Completed in 65ms
120 timing metavuln:cache:get:security-advisory:qs:Bnm5EOUdJ35cQupvCCyV24EX/ZL3a3KraesirQ2RUQ+G8uwbLFh+i9MrBqZ5xcwgcyfLYK6wCyLYKZg8DTZJlA== Completed in 64ms
121 timing metavuln:cache:get:security-advisory:request:koWeGxnAvq4FABswDKpuz/5A9Fh4CEpyLScKR4Vcx8PqZAOQWapHQFcG4Z93jnNvMUUR00ZbC/YEgKSGkn+lcw== Completed in 51ms
122 timing metavuln:cache:get:security-advisory:tough-cookie:VNuwVxANcCKf9fmuD0Vt2V7tyUFg0MOcTBXo66LvguhCeFU0pqdKjCffmtFFsDUZMFdCTHimURRZB0jVSz1wRg== Completed in 50ms
123 timing reifyNode:node_modules/wrappy Completed in 1709ms
124 timing reifyNode:node_modules/wrap-ansi Completed in 1710ms
125 timing reifyNode:node_modules/toidentifier Completed in 1709ms
126 timing reifyNode:node_modules/to-fast-properties Completed in 1709ms
127 timing reifyNode:node_modules/shebang-command Completed in 1711ms
128 timing reifyNode:node_modules/process-nextick-args Completed in 1708ms
129 timing reifyNode:node_modules/path-is-absolute Completed in 1708ms
130 timing reifyNode:node_modules/package-hash Completed in 1708ms
131 timing reifyNode:node_modules/once Completed in 1708ms
132 timing reifyNode:node_modules/normalize-path Completed in 1702ms
133 timing reifyNode:node_modules/ms Completed in 1700ms
134 timing reifyNode:node_modules/lodash.flattendeep Completed in 1697ms
135 timing reifyNode:node_modules/is-windows Completed in 1725ms
136 timing reifyNode:node_modules/is-number Completed in 1725ms
137 timing reifyNode:node_modules/is-extglob Completed in 1726ms
138 timing reifyNode:node_modules/inflight Completed in 1725ms
139 timing reifyNode:node_modules/imurmurhash Completed in 1725ms
140 timing reifyNode:node_modules/find-cache-dir Completed in 1725ms
141 timing reifyNode:node_modules/escape-html Completed in 1725ms
142 timing reifyNode:node_modules/ee-first Completed in 1724ms
143 timing reifyNode:node_modules/decamelize Completed in 1724ms
144 timing reifyNode:node_modules/convert-source-map Completed in 1724ms
145 timing reifyNode:node_modules/color-name Completed in 1723ms
146 timing reifyNode:node_modules/caching-transform Completed in 1723ms
147 timing reifyNode:node_modules/browser-stdout Completed in 1723ms
148 timing reifyNode:node_modules/brace-expansion Completed in 1723ms
149 timing reifyNode:node_modules/array-flatten Completed in 1722ms
150 timing reifyNode:node_modules/destroy Completed in 1747ms
151 timing reifyNode:node_modules/send/node_modules/debug/node_modules/ms Completed in 1789ms
152 timing reifyNode:node_modules/nyc/node_modules/wrap-ansi Completed in 1778ms
153 timing reifyNode:node_modules/mocha/node_modules/ms Completed in 1774ms
154 timing reifyNode:node_modules/mocha/node_modules/debug/node_modules/ms Completed in 1773ms
155 timing reifyNode:node_modules/istanbul-lib-source-maps/node_modules/ms Completed in 1769ms
156 timing reifyNode:node_modules/finalhandler/node_modules/ms Completed in 1764ms
157 timing reifyNode:node_modules/body-parser/node_modules/ms Completed in 1757ms
158 timing reifyNode:node_modules/@babel/traverse/node_modules/ms Completed in 1753ms
159 timing reifyNode:node_modules/@babel/highlight/node_modules/has-flag Completed in 1753ms
160 timing reifyNode:node_modules/@babel/highlight/node_modules/escape-string-regexp Completed in 1753ms
161 timing reifyNode:node_modules/@babel/highlight/node_modules/ansi-styles Completed in 1754ms
162 timing reifyNode:node_modules/express/node_modules/ms Completed in 1767ms
163 timing reifyNode:node_modules/@babel/core/node_modules/ms Completed in 1752ms
164 timing reifyNode:node_modules/yocto-queue Completed in 1801ms
165 timing reifyNode:node_modules/which-module Completed in 1800ms
166 timing reifyNode:node_modules/vary Completed in 1801ms
167 timing reifyNode:node_modules/utils-merge Completed in 1801ms
168 timing reifyNode:node_modules/unpipe Completed in 1801ms
169 timing reifyNode:node_modules/type-is Completed in 1800ms
170 timing reifyNode:node_modules/to-regex-range Completed in 1801ms
171 timing reifyNode:node_modules/supports-color Completed in 1801ms
172 timing reifyNode:node_modules/strip-json-comments Completed in 1800ms
173 timing reifyNode:node_modules/strip-bom Completed in 1801ms
174 timing reifyNode:node_modules/string-width Completed in 1801ms
175 timing reifyNode:node_modules/signal-exit Completed in 1802ms
176 timing reifyNode:node_modules/shebang-regex Completed in 1802ms
177 timing reifyNode:node_modules/set-blocking Completed in 1801ms
178 timing reifyNode:node_modules/serialize-javascript Completed in 1801ms
179 timing reifyNode:node_modules/resolve-from Completed in 1798ms
180 timing reifyNode:node_modules/require-main-filename Completed in 1798ms
181 timing reifyNode:node_modules/strip-ansi Completed in 1804ms
182 timing reifyNode:node_modules/range-parser Completed in 1799ms
183 timing reifyNode:node_modules/pkg-dir Completed in 1798ms
184 timing reifyNode:node_modules/path-to-regexp Completed in 1798ms
185 timing reifyNode:node_modules/path-key Completed in 1798ms
186 timing reifyNode:node_modules/path-exists Completed in 1797ms
187 timing reifyNode:node_modules/parseurl Completed in 1797ms
188 timing reifyNode:node_modules/p-try Completed in 1798ms
189 timing reifyNode:node_modules/p-map Completed in 1798ms
190 timing reifyNode:node_modules/p-locate Completed in 1798ms
191 timing reifyNode:node_modules/p-limit Completed in 1797ms
192 timing reifyNode:node_modules/on-finished Completed in 1796ms
193 timing reifyNode:node_modules/mime-types Completed in 1788ms
194 timing reifyNode:node_modules/methods Completed in 1787ms
195 timing reifyNode:node_modules/process-on-spawn Completed in 1803ms
196 timing reifyNode:node_modules/merge-descriptors Completed in 1788ms
197 timing reifyNode:node_modules/media-typer Completed in 1787ms
198 timing reifyNode:node_modules/make-dir Completed in 1787ms
199 timing reifyNode:node_modules/is-unicode-supported Completed in 1851ms
200 timing reifyNode:node_modules/is-typedarray Completed in 1851ms
201 timing reifyNode:node_modules/is-stream Completed in 1851ms
202 timing reifyNode:node_modules/is-plain-obj Completed in 1852ms
203 timing reifyNode:node_modules/is-glob Completed in 1852ms
204 timing reifyNode:node_modules/is-fullwidth-code-point Completed in 1852ms
205 timing reifyNode:node_modules/is-binary-path Completed in 1852ms
206 timing reifyNode:node_modules/indent-string Completed in 1852ms
207 timing reifyNode:node_modules/has-flag Completed in 1852ms
208 timing reifyNode:node_modules/glob-parent Completed in 1853ms
209 timing reifyNode:node_modules/get-func-name Completed in 1854ms
210 timing reifyNode:node_modules/fromentries Completed in 1853ms
211 timing reifyNode:node_modules/fresh Completed in 1853ms
212 timing reifyNode:node_modules/forwarded Completed in 1853ms
213 timing reifyNode:node_modules/find-up Completed in 1853ms
214 timing reifyNode:node_modules/finalhandler Completed in 1853ms
215 timing reifyNode:node_modules/fill-range Completed in 1853ms
216 timing reifyNode:node_modules/etag Completed in 1853ms
217 timing reifyNode:node_modules/escape-string-regexp Completed in 1853ms
218 timing reifyNode:node_modules/encodeurl Completed in 1854ms
219 timing reifyNode:node_modules/locate-path Completed in 1863ms
220 timing reifyNode:node_modules/default-require-extensions Completed in 1853ms
221 timing reifyNode:node_modules/cookiejar Completed in 1853ms
222 timing reifyNode:node_modules/cookie-signature Completed in 1853ms
223 timing reifyNode:node_modules/content-type Completed in 1853ms
224 timing reifyNode:node_modules/component-emitter Completed in 1853ms
225 timing reifyNode:node_modules/clean-stack Completed in 1853ms
226 timing reifyNode:node_modules/camelcase Completed in 1853ms
227 timing reifyNode:node_modules/bytes Completed in 1853ms
228 timing reifyNode:node_modules/balanced-match Completed in 1852ms
229 timing reifyNode:node_modules/assertion-error Completed in 1852ms
230 timing reifyNode:node_modules/append-transform Completed in 1851ms
231 timing reifyNode:node_modules/anymatch Completed in 1852ms
232 timing reifyNode:node_modules/ansi-regex Completed in 1851ms
233 timing reifyNode:node_modules/aggregate-error Completed in 1851ms
234 timing reifyNode:node_modules/accepts Completed in 1851ms
235 timing reifyNode:node_modules/@babel/highlight Completed in 1851ms
236 timing reifyNode:node_modules/@babel/helper-split-export-declaration Completed in 1850ms
237 timing reifyNode:node_modules/@babel/helper-hoist-variables Completed in 1850ms
238 timing reifyNode:node_modules/@babel/helper-get-function-arity Completed in 1850ms
239 timing reifyNode:node_modules/@babel/helper-function-name Completed in 1850ms
240 timing reifyNode:node_modules/@babel/helper-environment-visitor Completed in 1851ms
241 timing reifyNode:node_modules/@babel/code-frame Completed in 1850ms
242 timing reifyNode:node_modules/yargs-unparser/node_modules/decamelize Completed in 1910ms
243 timing reifyNode:node_modules/@babel/helper-simple-access Completed in 1862ms
244 timing reifyNode:node_modules/yargs-unparser/node_modules/camelcase Completed in 1911ms
245 timing reifyNode:node_modules/pkg-dir/node_modules/p-limit Completed in 1901ms
246 timing reifyNode:node_modules/pkg-dir/node_modules/p-locate Completed in 1902ms
247 timing reifyNode:node_modules/pkg-dir/node_modules/locate-path Completed in 1902ms
248 timing reifyNode:node_modules/nyc/node_modules/y18n Completed in 1897ms
249 timing reifyNode:node_modules/nyc/node_modules/p-locate Completed in 1896ms
250 timing reifyNode:node_modules/nyc/node_modules/p-limit Completed in 1895ms
251 timing reifyNode:node_modules/pkg-dir/node_modules/find-up Completed in 1904ms
252 timing reifyNode:node_modules/nyc/node_modules/locate-path Completed in 1896ms
253 timing reifyNode:node_modules/nyc/node_modules/find-up Completed in 1897ms
254 timing reifyNode:node_modules/istanbul-lib-report/node_modules/supports-color Completed in 1888ms
255 timing reifyNode:node_modules/http-errors/node_modules/inherits Completed in 1887ms
256 timing reifyNode:node_modules/chalk/node_modules/supports-color Completed in 1881ms
257 timing reifyNode:node_modules/@istanbuljs/load-nyc-config/node_modules/p-locate Completed in 1877ms
258 timing reifyNode:node_modules/@istanbuljs/load-nyc-config/node_modules/p-limit Completed in 1877ms
259 timing reifyNode:node_modules/@istanbuljs/load-nyc-config/node_modules/locate-path Completed in 1878ms
260 timing reifyNode:node_modules/@istanbuljs/load-nyc-config/node_modules/find-up Completed in 1878ms
261 timing reifyNode:node_modules/@babel/highlight/node_modules/supports-color Completed in 1878ms
262 timing reifyNode:node_modules/yargs-unparser Completed in 1927ms
263 timing reifyNode:node_modules/write-file-atomic Completed in 1926ms
264 timing reifyNode:node_modules/util-deprecate Completed in 1926ms
265 timing reifyNode:node_modules/proxy-addr Completed in 1921ms
266 timing reifyNode:node_modules/pathval Completed in 1921ms
267 timing reifyNode:node_modules/minimatch Completed in 1911ms
268 timing reifyNode:node_modules/log-symbols Completed in 1911ms
269 timing reifyNode:node_modules/js-tokens Completed in 1952ms
270 timing reifyNode:node_modules/http-errors Completed in 1951ms
271 timing reifyNode:node_modules/get-caller-file Completed in 1950ms
272 timing reifyNode:node_modules/fs.realpath Completed in 1951ms
273 timing reifyNode:node_modules/foreground-child Completed in 1951ms
274 timing reifyNode:node_modules/cookie Completed in 1948ms
275 timing reifyNode:node_modules/combined-stream Completed in 1946ms
276 timing reifyNode:node_modules/ansi-styles Completed in 1944ms
277 timing reifyNode:node_modules/@istanbuljs/load-nyc-config Completed in 1944ms
278 timing metavuln:cache:get:security-advisory:debug:+3mCZ5N+orDVmDk1riNi9x/Jpf5J4rFrllMj6xgjIu5FtfCUlsjqTllwV9EVVslrt5hwABTQdVm5x3H8VDyErA== Completed in 816ms
279 timing metavuln:cache:get:security-advisory:qs:LALz/UNgMRBAJZDUlLozMG5fs8ejrPktpx7L93z1tkDhpkW+0xCPeJncvirx7j/VkOlRQPkqoxuW1KNT1QFVuw== Completed in 815ms
280 timing metavuln:cache:get:security-advisory:cookiejar:20tDwH6fYKn++PbMnx2tUulmtbaV/gdoUXXQX3IJ8Qzg+tx34k0HmLCCRQ68aR/TWyVmR5LbQdagWrak8dhhtw== Completed in 815ms
281 timing metavuln:cache:get:security-advisory:get-func-name:GobJdsHlZx6U+2DHQB/9h9fq5eHUC4HJypfobp8m+ag3nX5yUhlTsKh59K7jKR3jYFccctPCtVj8TaD8YNWZ8Q== Completed in 814ms
282 timing metavuln:cache:get:security-advisory:semver:ylVPedjv/X8TpgairrCUKxYrttyJ3d9KZq9OUWSImrjp5hbdN12y00p2CHArh2hdr4BFmY4wjnBtJ5hGE9Q1vQ== Completed in 816ms
283 timing metavuln:cache:get:security-advisory:minimatch:fSjx0QWszUnak3c5Bp6uDq3ntkHrccvIeSO6cgrSBc0yB4CzXYtI5I2c2bGNqkVdvFxmJxC8NiIFKsDjj2TxdA== Completed in 812ms
284 timing metavuln:cache:get:security-advisory:json5:m8W7Rwes/ZJ3ORDHxkA5k2j6IovRIGYScT57x5Vs/y8+LrIlJT0ouu44rfTSXvXLHGtXO/p28yaGgJlnXB95+A== Completed in 813ms
285 timing reifyNode:node_modules/which Completed in 2004ms
286 timing reifyNode:node_modules/supertest Completed in 2004ms
287 timing reifyNode:node_modules/string_decoder Completed in 2003ms
288 timing reifyNode:node_modules/setprototypeof Completed in 2003ms
289 timing reifyNode:node_modules/serve-static Completed in 2003ms
290 timing reifyNode:node_modules/safe-buffer Completed in 2001ms
291 timing reifyNode:node_modules/readdirp Completed in 2000ms
292 timing reifyNode:node_modules/picocolors Completed in 1999ms
293 timing reifyNode:node_modules/istanbul-lib-processinfo Completed in 2024ms
294 timing reifyNode:node_modules/hasha Completed in 2024ms
295 timing reifyNode:node_modules/globals Completed in 2023ms
296 timing reifyNode:node_modules/delayed-stream Completed in 2021ms
297 timing reifyNode:node_modules/content-disposition Completed in 2019ms
298 timing reifyNode:node_modules/check-error Completed in 2018ms
299 timing reifyNode:node_modules/binary-extensions Completed in 2017ms
300 timing reifyNode:node_modules/@istanbuljs/schema Completed in 2015ms
301 timing reifyNode:node_modules/@babel/helper-validator-option Completed in 2013ms
302 timing reifyNode:node_modules/nyc/node_modules/cliui Completed in 2049ms
303 timing reifyNode:node_modules/@babel/highlight/node_modules/color-name Completed in 2024ms
304 timing reifyNode:node_modules/typedarray-to-buffer Completed in 2070ms
305 timing reifyNode:node_modules/type-detect Completed in 2070ms
306 timing reifyNode:node_modules/send Completed in 2069ms
307 timing reifyNode:node_modules/rimraf Completed in 2066ms
308 timing reifyNode:node_modules/require-directory Completed in 2065ms
309 timing reifyNode:node_modules/raw-body Completed in 2066ms
310 timing reifyNode:node_modules/randombytes Completed in 2066ms
311 timing reifyNode:node_modules/isarray Completed in 2065ms
312 timing reifyNode:node_modules/commondir Completed in 2058ms
313 timing reifyNode:node_modules/statuses Completed in 2112ms
314 timing reifyNode:node_modules/istanbul-lib-hook Completed in 2125ms
315 timing reifyNode:node_modules/get-package-type Completed in 2123ms
316 timing reifyNode:node_modules/deep-eql Completed in 2119ms
317 timing reifyNode:node_modules/core-util-is Completed in 2119ms
318 timing reifyNode:node_modules/concat-map Completed in 2118ms
319 timing reifyNode:node_modules/color-convert Completed in 2117ms
320 timing reifyNode:node_modules/ansi-colors Completed in 2114ms
321 timing reifyNode:node_modules/@babel/helper-validator-identifier Completed in 2113ms
322 timing reifyNode:node_modules/mocha/node_modules/debug Completed in 2145ms
323 timing reifyNode:node_modules/istanbul-lib-source-maps/node_modules/debug Completed in 2140ms
324 timing reifyNode:node_modules/@babel/traverse/node_modules/debug Completed in 2124ms
325 timing reifyNode:node_modules/@babel/highlight/node_modules/color-convert Completed in 2125ms
326 timing reifyNode:node_modules/test-exclude Completed in 2170ms
327 timing reifyNode:node_modules/safer-buffer Completed in 2166ms
328 timing reifyNode:node_modules/release-zalgo Completed in 2166ms
329 timing reifyNode:node_modules/@babel/core/node_modules/debug Completed in 2126ms
330 timing reifyNode:node_modules/isexe Completed in 2170ms
331 timing reifyNode:node_modules/graceful-fs Completed in 2168ms
332 timing reifyNode:node_modules/flat Completed in 2166ms
333 timing reifyNode:node_modules/extend Completed in 2167ms
334 timing reifyNode:node_modules/es6-error Completed in 2166ms
335 timing reifyNode:node_modules/@ungap/promise-all-settled Completed in 2160ms
336 timing reifyNode:node_modules/@babel/helper-module-imports Completed in 2158ms
337 timing reifyNode:node_modules/@babel/highlight/node_modules/chalk Completed in 2173ms
338 timing reifyNode:node_modules/negotiator Completed in 2203ms
339 timing reifyNode:node_modules/ipaddr.js Completed in 2220ms
340 timing reifyNode:node_modules/glob Completed in 2221ms
341 timing reifyNode:node_modules/gensync Completed in 2220ms
342 timing reifyNode:node_modules/form-data Completed in 2221ms
343 timing reifyNode:node_modules/escalade Completed in 2219ms
344 timing reifyNode:node_modules/chalk Completed in 2215ms
345 timing reifyNode:node_modules/node-releases Completed in 2252ms
346 timing reifyNode:node_modules/jsesc Completed in 2257ms
347 timing reifyNode:node_modules/emoji-regex Completed in 2251ms
348 timing reifyNode:node_modules/cross-spawn Completed in 2250ms
349 timing reifyNode:node_modules/archy Completed in 2245ms
350 timing reifyNode:node_modules/@babel/helper-compilation-targets Completed in 2246ms
351 timing reifyNode:node_modules/node-preload Completed in 2277ms
352 timing reifyNode:node_modules/@babel/helper-module-transforms Completed in 2263ms
353 timing reifyNode:node_modules/nyc/node_modules/yargs-parser Completed in 2302ms
354 timing reifyNode:node_modules/make-dir/node_modules/semver Completed in 2293ms
355 timing reifyNode:node_modules/istanbul-lib-instrument/node_modules/semver Completed in 2291ms
356 timing reifyNode:node_modules/@babel/helper-compilation-targets/node_modules/semver Completed in 2272ms
357 timing reifyNode:node_modules/@babel/core/node_modules/semver Completed in 2272ms
358 timing reifyNode:node_modules/y18n Completed in 2321ms
359 timing reifyNode:node_modules/cliui Completed in 2301ms
360 timing reifyNode:node_modules/@jridgewell/sourcemap-codec Completed in 2297ms
361 timing reifyNode:node_modules/@jridgewell/resolve-uri Completed in 2297ms
362 timing reifyNode:node_modules/@babel/template Completed in 2297ms
363 timing reifyNode:node_modules/mime Completed in 2328ms
364 timing reifyNode:node_modules/istanbul-lib-coverage Completed in 2336ms
365 timing reifyNode:node_modules/html-escaper Completed in 2335ms
366 timing reifyNode:node_modules/istanbul-lib-source-maps Completed in 2391ms
367 timing reifyNode:node_modules/istanbul-lib-report Completed in 2391ms
368 timing reifyNode:node_modules/he Completed in 2389ms
369 timing reifyNode:node_modules/growl Completed in 2389ms
370 timing reifyNode:node_modules/debug Completed in 2385ms
371 timing reifyNode:node_modules/braces Completed in 2381ms
372 timing reifyNode:node_modules/istanbul-lib-instrument Completed in 2421ms
373 timing reifyNode:node_modules/browserslist Completed in 2409ms
374 timing reifyNode:node_modules/@jridgewell/trace-mapping Completed in 2407ms
375 timing reifyNode:node_modules/picomatch Completed in 2450ms
376 timing reifyNode:node_modules/mime-db Completed in 2436ms
377 timing reifyNode:node_modules/depd Completed in 2437ms
378 timing reifyNode:node_modules/chokidar Completed in 2432ms
379 timing reifyNode:node_modules/body-parser Completed in 2431ms
380 timing reifyNode:node_modules/argparse Completed in 2430ms
381 http fetch GET 200 https://registry.npmjs.org/debug 1300ms (cache hit)
382 timing metavuln:packument:debug Completed in 1303ms
383 timing metavuln:load:security-advisory:debug:1094219 Completed in 3ms
384 timing metavuln:load:security-advisory:debug:1094220 Completed in 0ms
385 timing metavuln:calculate:security-advisory:debug:1094220 Completed in 1306ms
386 http fetch GET 200 https://registry.npmjs.org/qs 1305ms (cache hit)
387 timing metavuln:packument:qs Completed in 1307ms
388 timing metavuln:load:security-advisory:qs:1094097 Completed in 6ms
389 timing metavuln:load:security-advisory:qs:1094099 Completed in 0ms
390 timing metavuln:calculate:security-advisory:qs:1094099 Completed in 1314ms
391 timing metavuln:load:security-advisory:qs:1094100 Completed in 4ms
392 http fetch GET 200 https://registry.npmjs.org/cookiejar 1319ms (cache hit)
393 timing metavuln:packument:cookiejar Completed in 1320ms
394 timing metavuln:load:security-advisory:cookiejar:1088659 Completed in 1ms
395 timing metavuln:calculate:security-advisory:cookiejar:1088659 Completed in 1321ms
396 http fetch GET 200 https://registry.npmjs.org/get-func-name 1319ms (cache hit)
397 timing metavuln:packument:get-func-name Completed in 1321ms
398 timing metavuln:load:security-advisory:get-func-name:1094228 Completed in 0ms
399 timing metavuln:calculate:security-advisory:get-func-name:1094228 Completed in 1321ms
400 http fetch GET 200 https://registry.npmjs.org/json5 1319ms (cache hit)
401 timing metavuln:packument:json5 Completed in 1320ms
402 timing metavuln:load:security-advisory:json5:1093382 Completed in 1ms
403 timing metavuln:calculate:security-advisory:json5:1093382 Completed in 1322ms
404 http fetch GET 200 https://registry.npmjs.org/minimatch 1311ms (cache hit)
405 timing metavuln:packument:minimatch Completed in 1323ms
406 timing metavuln:load:security-advisory:minimatch:1094009 Completed in 1ms
407 timing metavuln:calculate:security-advisory:minimatch:1094009 Completed in 1324ms
408 http fetch GET 200 https://registry.npmjs.org/semver 1328ms (cache hit)
409 timing metavuln:packument:semver Completed in 1330ms
410 timing metavuln:load:security-advisory:semver:1093262 Completed in 3ms
411 timing metavuln:load:security-advisory:semver:1093263 Completed in 1ms
412 timing metavuln:calculate:security-advisory:semver:1093263 Completed in 1334ms
413 timing reifyNode:node_modules/yargs-parser Completed in 2521ms
414 http fetch GET 200 https://registry.npmjs.org/inherits/-/inherits-2.0.4.tgz 2064ms (cache miss)
415 timing reifyNode:node_modules/inherits Completed in 2498ms
416 http fetch GET 200 https://registry.npmjs.org/har-validator/-/har-validator-5.1.3.tgz 2060ms (cache miss)
417 timing reifyNode:node_modules/har-validator Completed in 2498ms
418 timing reifyNode:node_modules/@babel/compat-data Completed in 2510ms
419 http fetch GET 200 https://registry.npmjs.org/oauth-sign/-/oauth-sign-0.9.0.tgz 2153ms (cache miss)
420 timing reifyNode:node_modules/oauth-sign Completed in 2552ms
421 http fetch GET 200 https://registry.npmjs.org/mkdirp/-/mkdirp-0.5.5.tgz 2147ms (cache miss)
422 timing reifyNode:node_modules/mkdirp Completed in 2545ms
423 http fetch GET 200 https://registry.npmjs.org/json-stringify-safe/-/json-stringify-safe-5.0.1.tgz 2143ms (cache miss)
424 timing reifyNode:node_modules/json-stringify-safe Completed in 2547ms
425 http fetch GET 200 https://registry.npmjs.org/function-bind/-/function-bind-1.1.1.tgz 2086ms (cache miss)
426 timing reifyNode:node_modules/function-bind Completed in 2545ms
427 http fetch GET 200 https://registry.npmjs.org/fast-deep-equal/-/fast-deep-equal-3.1.1.tgz 2079ms (cache miss)
428 timing reifyNode:node_modules/asynckit Completed in 2552ms
429 http fetch GET 200 https://registry.npmjs.org/propagate/-/propagate-1.0.0.tgz 2194ms (cache miss)
430 timing reifyNode:node_modules/propagate Completed in 2589ms
431 http fetch GET 200 https://registry.npmjs.org/forever-agent/-/forever-agent-0.6.1.tgz 2111ms (cache miss)
432 timing reifyNode:node_modules/forever-agent Completed in 2573ms
433 timing reifyNode:node_modules/@ampproject/remapping Completed in 2559ms
434 http fetch GET 200 https://registry.npmjs.org/object-is/-/object-is-1.0.1.tgz 2201ms (cache miss)
435 timing reifyNode:node_modules/object-is Completed in 2598ms
436 http fetch GET 200 https://registry.npmjs.org/object-keys/-/object-keys-1.1.1.tgz 2203ms (cache miss)
437 timing reifyNode:node_modules/object-keys Completed in 2598ms
438 timing reifyNode:node_modules/finalhandler/node_modules/debug Completed in 2580ms
439 timing reifyNode:node_modules/express/node_modules/debug Completed in 2579ms
440 timing reifyNode:node_modules/body-parser/node_modules/debug Completed in 2573ms
441 timing reifyNode:node_modules/send/node_modules/debug Completed in 2609ms
442 timing reifyNode:node_modules/spawn-wrap Completed in 2611ms
443 http fetch GET 200 https://registry.npmjs.org/http-signature/-/http-signature-1.2.0.tgz 2152ms (cache miss)
444 http fetch GET 200 https://registry.npmjs.org/is-date-object/-/is-date-object-1.0.1.tgz 2158ms (cache miss)
445 timing reifyNode:node_modules/is-date-object Completed in 2589ms
446 http fetch GET 200 https://registry.npmjs.org/is-arguments/-/is-arguments-1.0.4.tgz 2157ms (cache miss)
447 timing reifyNode:node_modules/is-arguments Completed in 2590ms
448 http fetch GET 200 https://registry.npmjs.org/har-schema/-/har-schema-2.0.0.tgz 2149ms (cache miss)
449 http fetch GET 200 https://registry.npmjs.org/has/-/has-1.0.3.tgz 2152ms (cache miss)
450 timing reifyNode:node_modules/has Completed in 2589ms
451 timing reifyNode:node_modules/fast-deep-equal Completed in 2587ms
452 http fetch GET 200 https://registry.npmjs.org/punycode/-/punycode-2.1.1.tgz 2227ms (cache miss)
453 timing reifyNode:node_modules/punycode Completed in 2620ms
454 http fetch GET 200 https://registry.npmjs.org/tunnel-agent/-/tunnel-agent-0.6.0.tgz 2244ms (cache miss)
455 timing reifyNode:node_modules/tunnel-agent Completed in 2628ms
456 timing reifyNode:node_modules/sprintf-js Completed in 2632ms
457 timing reifyNode:node_modules/http-signature Completed in 2608ms
458 http fetch GET 200 https://registry.npmjs.org/is-regex/-/is-regex-1.0.4.tgz 2182ms (cache miss)
459 timing reifyNode:node_modules/is-regex Completed in 2610ms
460 http fetch GET 200 https://registry.npmjs.org/isstream/-/isstream-0.1.2.tgz 2185ms (cache miss)
461 timing reifyNode:node_modules/isstream Completed in 2612ms
462 timing reifyNode:node_modules/formidable Completed in 2615ms
463 timing reifyNode:node_modules/electron-to-chromium Completed in 2613ms
464 http fetch GET 200 https://registry.npmjs.org/regexp.prototype.flags/-/regexp.prototype.flags-1.2.0.tgz 2258ms (cache miss)
465 timing reifyNode:node_modules/regexp.prototype.flags Completed in 2648ms
466 http fetch GET 200 https://registry.npmjs.org/json-schema/-/json-schema-0.4.0.tgz 2212ms (cache miss)
467 timing reifyNode:node_modules/json-schema Completed in 2636ms
468 timing reifyNode:node_modules/type-fest Completed in 2672ms
469 http fetch GET 200 https://registry.npmjs.org/assert-plus/-/assert-plus-1.0.0.tgz 2149ms (cache miss)
470 timing reifyNode:node_modules/assert-plus Completed in 2635ms
471 http fetch GET 200 https://registry.npmjs.org/caseless/-/caseless-0.12.0.tgz 2159ms (cache miss)
472 timing reifyNode:node_modules/caseless Completed in 2639ms
473 http fetch GET 200 https://registry.npmjs.org/aws-sign2/-/aws-sign2-0.7.0.tgz 2152ms (cache miss)
474 timing reifyNode:node_modules/aws-sign2 Completed in 2637ms
475 http fetch GET 200 https://registry.npmjs.org/asn1/-/asn1-0.2.4.tgz 2149ms (cache miss)
476 timing reifyNode:node_modules/asn1 Completed in 2637ms
477 timing reifyNode:node_modules/minimist Completed in 2665ms
478 http fetch GET 200 https://registry.npmjs.org/extsprintf/-/extsprintf-1.3.0.tgz 2190ms (cache miss)
479 timing reifyNode:node_modules/extsprintf Completed in 2658ms
480 http fetch GET 200 https://registry.npmjs.org/bcrypt-pbkdf/-/bcrypt-pbkdf-1.0.2.tgz 2169ms (cache miss)
481 timing reifyNode:node_modules/bcrypt-pbkdf Completed in 2651ms
482 timing reifyNode:node_modules/@babel/helpers Completed in 2650ms
483 http fetch GET 200 https://registry.npmjs.org/verror/-/verror-1.10.0.tgz 2320ms (cache miss)
484 timing reifyNode:node_modules/verror Completed in 2697ms
485 http fetch GET 200 https://registry.npmjs.org/performance-now/-/performance-now-2.1.0.tgz 2294ms (cache miss)
486 http fetch GET 200 https://registry.npmjs.org/getpass/-/getpass-0.1.7.tgz 2230ms (cache miss)
487 timing reifyNode:node_modules/getpass Completed in 2673ms
488 http fetch GET 200 https://registry.npmjs.org/commander/-/commander-2.20.3.tgz 2190ms (cache miss)
489 timing reifyNode:node_modules/commander Completed in 2667ms
490 timing reifyNode:node_modules/esprima Completed in 2673ms
491 http fetch GET 200 https://registry.npmjs.org/jsprim/-/jsprim-1.4.2.tgz 2284ms (cache miss)
492 timing reifyNode:node_modules/jsprim Completed in 2688ms
493 http fetch GET 200 https://registry.npmjs.org/json-schema-traverse/-/json-schema-traverse-0.4.1.tgz 2279ms (cache miss)
494 timing reifyNode:node_modules/json-schema-traverse Completed in 2687ms
495 http fetch GET 200 https://registry.npmjs.org/aws4/-/aws4-1.9.1.tgz 2190ms (cache miss)
496 timing reifyNode:node_modules/aws4 Completed in 2674ms
497 http fetch GET 200 https://registry.npmjs.org/fast-json-stable-stringify/-/fast-json-stable-stringify-2.1.0.tgz 2232ms (cache miss)
498 http fetch GET 200 https://registry.npmjs.org/ecc-jsbn/-/ecc-jsbn-0.1.2.tgz 2225ms (cache miss)
499 timing reifyNode:node_modules/ecc-jsbn Completed in 2695ms
500 timing reifyNode:node_modules/performance-now Completed in 2729ms
501 http fetch GET 200 https://registry.npmjs.org/deep-equal/-/deep-equal-1.1.0.tgz 2236ms (cache miss)
502 timing reifyNode:node_modules/deep-equal Completed in 2710ms
503 http fetch GET 200 https://registry.npmjs.org/debug/-/debug-4.1.1.tgz 2168ms (cache miss)
504 timing reifyNode:node_modules/nanoid Completed in 2738ms
505 http fetch GET 200 https://registry.npmjs.org/define-properties/-/define-properties-1.1.3.tgz 2254ms (cache miss)
506 timing reifyNode:node_modules/define-properties Completed in 2725ms
507 timing reifyNode:node_modules/har-schema Completed in 2737ms
508 timing reifyNode:node_modules/fast-json-stable-stringify Completed in 2736ms
509 timing reifyNode:node_modules/nock/node_modules/debug Completed in 2750ms
510 http fetch GET 200 https://registry.npmjs.org/wordwrap/-/wordwrap-1.0.0.tgz 2396ms (cache miss)
511 timing reifyNode:node_modules/wordwrap Completed in 2771ms
512 timing reifyNode:node_modules/express/node_modules/qs Completed in 2742ms
513 timing reifyNode:node_modules/body-parser/node_modules/qs Completed in 2735ms
514 http fetch GET 200 https://registry.npmjs.org/semver/-/semver-5.7.1.tgz 2385ms (cache miss)
515 timing reifyNode:node_modules/semver Completed in 2775ms
516 timing reifyNode:node_modules/express Completed in 2752ms
517 timing metavuln:cache:put:security-advisory:debug:DIS0qOHGMQHfGizACLqmdh32TGdXt3c02/sE+vfgw3Ufl23/9eUFeWJD0zJM401RjUZQkeHz8iWvphXyxge7Fw== Completed in 306ms
518 timing metavuln:calculate:security-advisory:debug:1094219 Completed in 1613ms
519 timing metavuln:cache:put:security-advisory:semver:PlZgIkF6e3/0yLjqYqSrH86eUBw0BU9Wzsy4iARPg9G3iRIQ2GNxvejcQXeGaJot7HHphkgcPgSjq2bILFos4A== Completed in 279ms
520 timing metavuln:calculate:security-advisory:semver:1093262 Completed in 1612ms
521 http fetch GET 200 https://registry.npmjs.org/jsbn/-/jsbn-0.1.1.tgz 2339ms (cache miss)
522 timing reifyNode:node_modules/jsbn Completed in 2764ms
523 timing reifyNode:node_modules/nyc Completed in 2782ms
524 timing reifyNode:node_modules/@babel/generator Completed in 2755ms
525 http fetch GET 200 https://registry.npmjs.org/tough-cookie/-/tough-cookie-2.5.0.tgz 2416ms (cache miss)
526 timing reifyNode:node_modules/tough-cookie Completed in 2803ms
527 timing metavuln:cache:put:security-advisory:qs:DTxlrRWiUrqzE/NusHx5bT19r3QgJFFD8fHHx+3QTlXllSHQDtcxNYbXyFKpAbJm79uv64Kv+bUe47xyYbLjsA== Completed in 322ms
528 timing metavuln:calculate:security-advisory:qs:1094097 Completed in 1635ms
529 timing metavuln:cache:put:security-advisory:qs:Bnm5EOUdJ35cQupvCCyV24EX/ZL3a3KraesirQ2RUQ+G8uwbLFh+i9MrBqZ5xcwgcyfLYK6wCyLYKZg8DTZJlA== Completed in 315ms
530 timing metavuln:calculate:security-advisory:qs:1094100 Completed in 1634ms
531 http fetch GET 200 https://registry.npmjs.org/uuid/-/uuid-3.3.3.tgz 2436ms (cache miss)
532 timing reifyNode:node_modules/uuid Completed in 2815ms
533 timing reifyNode:node_modules/json5 Completed in 2804ms
534 http fetch GET 200 https://registry.npmjs.org/form-data/-/form-data-2.3.3.tgz 2264ms (cache miss)
535 timing reifyNode:node_modules/request/node_modules/form-data Completed in 2827ms
536 http fetch GET 200 https://registry.npmjs.org/tough-cookie 1652ms (cache miss)
537 timing metavuln:packument:tough-cookie Completed in 1654ms
538 timing metavuln:load:security-advisory:tough-cookie:1092470 Completed in 2ms
539 timing reifyNode:node_modules/@istanbuljs/load-nyc-config/node_modules/argparse Completed in 2887ms
540 http fetch GET 200 https://registry.npmjs.org/dashdash/-/dashdash-1.14.1.tgz 2426ms (cache miss)
541 timing reifyNode:node_modules/dashdash Completed in 2900ms
542 timing reifyNode:node_modules/iconv-lite Completed in 2912ms
543 timing reifyNode:node_modules/workerpool Completed in 2968ms
544 http fetch GET 200 https://registry.npmjs.org/qs/-/qs-6.5.2.tgz 2412ms (cache miss)
545 timing reifyNode:node_modules/request/node_modules/qs Completed in 2970ms
546 http fetch GET 200 https://registry.npmjs.org/request 1800ms (cache miss)
547 timing metavuln:packument:request Completed in 1805ms
548 timing metavuln:load:security-advisory:request:1092972 Completed in 7ms
549 http fetch GET 200 https://registry.npmjs.org/readable-stream/-/readable-stream-2.3.6.tgz 2613ms (cache miss)
550 timing reifyNode:node_modules/readable-stream Completed in 3005ms
551 http fetch GET 200 https://registry.npmjs.org/qs/-/qs-6.8.0.tgz 2653ms (cache miss)
552 timing reifyNode:node_modules/qs Completed in 3045ms
553 timing metavuln:cache:put:security-advisory:tough-cookie:VNuwVxANcCKf9fmuD0Vt2V7tyUFg0MOcTBXo66LvguhCeFU0pqdKjCffmtFFsDUZMFdCTHimURRZB0jVSz1wRg== Completed in 218ms
554 timing metavuln:calculate:security-advisory:tough-cookie:1092470 Completed in 1874ms
555 timing reifyNode:node_modules/superagent Completed in 3066ms
556 http fetch GET 200 https://registry.npmjs.org/tweetnacl/-/tweetnacl-0.14.5.tgz 2686ms (cache miss)
557 timing reifyNode:node_modules/tweetnacl Completed in 3070ms
558 timing reifyNode:node_modules/@babel/traverse Completed in 3036ms
559 timing reifyNode:node_modules/js-yaml Completed in 3065ms
560 timing reifyNode:node_modules/diff Completed in 3058ms
561 timing metavuln:cache:put:security-advisory:request:koWeGxnAvq4FABswDKpuz/5A9Fh4CEpyLScKR4Vcx8PqZAOQWapHQFcG4Z93jnNvMUUR00ZbC/YEgKSGkn+lcw== Completed in 104ms
562 timing metavuln:calculate:security-advisory:request:1092972 Completed in 1917ms
563 timing metavuln:cache:get:security-advisory:nock:e/i76EN6kR+hFxblsisRcxqb5lOsdVWvTuZF7r6eniaBZauZr7V/gIEl8tMW1I4IePTMbOdFs4CdEBeR6BsqFg== Completed in 9ms
564 http fetch GET 200 https://registry.npmjs.org/request/-/request-2.88.2.tgz 2727ms (cache miss)
565 timing reifyNode:node_modules/request Completed in 3115ms
566 timing reifyNode:node_modules/@babel/generator/node_modules/source-map Completed in 3076ms
567 timing reifyNode:node_modules/source-map Completed in 3128ms
568 http fetch GET 200 https://registry.npmjs.org/nock/-/nock-10.0.6.tgz 2725ms (cache miss)
569 timing reifyNode:node_modules/nock Completed in 3121ms
570 timing reifyNode:node_modules/@istanbuljs/load-nyc-config/node_modules/js-yaml Completed in 3100ms
571 http fetch GET 200 https://registry.npmjs.org/psl/-/psl-1.8.0.tgz 2780ms (cache miss)
572 timing reifyNode:node_modules/psl Completed in 3175ms
573 timing reifyNode:node_modules/nyc/node_modules/yargs Completed in 3170ms
574 timing reifyNode:node_modules/yargs Completed in 3195ms
575 http fetch GET 200 https://registry.npmjs.org/sshpk/-/sshpk-1.16.1.tgz 2844ms (cache miss)
576 timing reifyNode:node_modules/sshpk Completed in 3232ms
577 timing reifyNode:node_modules/chai Completed in 3209ms
578 http fetch GET 200 https://registry.npmjs.org/express-handlebars/-/express-handlebars-6.0.2.tgz 2772ms (cache miss)
579 timing reifyNode:node_modules/express-handlebars Completed in 3243ms
580 timing reifyNode:node_modules/@babel/parser Completed in 3238ms
581 timing reifyNode:node_modules/istanbul-reports Completed in 3275ms
582 timing reifyNode:node_modules/@babel/core Completed in 3257ms
583 http fetch GET 200 https://registry.npmjs.org/uglify-js/-/uglify-js-3.9.2.tgz 2948ms (cache miss)
584 timing reifyNode:node_modules/uglify-js Completed in 3331ms
585 http fetch GET 200 https://registry.npmjs.org/neo-async/-/neo-async-2.6.1.tgz 2939ms (cache miss)
586 timing reifyNode:node_modules/neo-async Completed in 3344ms
587 http fetch GET 200 https://registry.npmjs.org/uri-js/-/uri-js-4.2.2.tgz 2987ms (cache miss)
588 timing reifyNode:node_modules/uri-js Completed in 3369ms
589 http fetch GET 200 https://registry.npmjs.org/nock 265ms (cache miss)
590 timing metavuln:packument:nock Completed in 271ms
591 timing metavuln:load:security-advisory:nock:DIS0qOHGMQHfGizACLqmdh32TGdXt3c02/sE+vfgw3Ufl23/9eUFeWJD0zJM401RjUZQkeHz8iWvphXyxge7Fw== Completed in 24ms
592 timing metavuln:cache:put:security-advisory:nock:e/i76EN6kR+hFxblsisRcxqb5lOsdVWvTuZF7r6eniaBZauZr7V/gIEl8tMW1I4IePTMbOdFs4CdEBeR6BsqFg== Completed in 31ms
593 timing metavuln:calculate:security-advisory:nock:DIS0qOHGMQHfGizACLqmdh32TGdXt3c02/sE+vfgw3Ufl23/9eUFeWJD0zJM401RjUZQkeHz8iWvphXyxge7Fw== Completed in 328ms
594 timing metavuln:cache:get:security-advisory:superagent:FW8amI1W9UVBuiOJmTtFWQQy4wCUBWjAQobeluBAsZpjX4E4rvIH0KI805oPoD1kY3GoC9Q86Gzap1JBdy/odA== Completed in 14ms
595 http fetch GET 200 https://registry.npmjs.org/ajv/-/ajv-6.12.6.tgz 2928ms (cache miss)
596 timing reifyNode:node_modules/ajv Completed in 3417ms
597 http fetch GET 200 https://registry.npmjs.org/superagent 35ms (cache hit)
598 timing metavuln:packument:superagent Completed in 38ms
599 timing metavuln:load:security-advisory:superagent:+3mCZ5N+orDVmDk1riNi9x/Jpf5J4rFrllMj6xgjIu5FtfCUlsjqTllwV9EVVslrt5hwABTQdVm5x3H8VDyErA== Completed in 0ms
600 timing metavuln:calculate:security-advisory:superagent:+3mCZ5N+orDVmDk1riNi9x/Jpf5J4rFrllMj6xgjIu5FtfCUlsjqTllwV9EVVslrt5hwABTQdVm5x3H8VDyErA== Completed in 39ms
601 timing metavuln:cache:get:security-advisory:nock:mwri+9oTBNj4fRBy0+ccMI79JZSv6t8BklKJ0HgN3uUu+QNGhWOjFm7A9YOyRQ6lVvPqriS6TRwEgabOguS8KA== Completed in 5ms
602 timing metavuln:load:security-advisory:nock:PlZgIkF6e3/0yLjqYqSrH86eUBw0BU9Wzsy4iARPg9G3iRIQ2GNxvejcQXeGaJot7HHphkgcPgSjq2bILFos4A== Completed in 15ms
603 timing metavuln:cache:put:security-advisory:nock:mwri+9oTBNj4fRBy0+ccMI79JZSv6t8BklKJ0HgN3uUu+QNGhWOjFm7A9YOyRQ6lVvPqriS6TRwEgabOguS8KA== Completed in 39ms
604 timing metavuln:calculate:security-advisory:nock:PlZgIkF6e3/0yLjqYqSrH86eUBw0BU9Wzsy4iARPg9G3iRIQ2GNxvejcQXeGaJot7HHphkgcPgSjq2bILFos4A== Completed in 59ms
605 timing metavuln:cache:get:security-advisory:@babel/core:3EHRL9uMOWZoA4F3Tzov74BJNHR3K1cBYSC5LCnIYNFD8sCjRQu8frb58YKvOKDAzmXWTUd9uO5T9KCMlkFPAA== Completed in 26ms
606 timing metavuln:cache:get:security-advisory:@babel/helper-compilation-targets:81S986qNvs0Hzwbosvlh4SFIYjpJbezkeaYxQ0G2xmS9wO6WncZgqyCG9Jg2uKr/qvSj3tqWub//bVNYjxechw== Completed in 24ms
607 timing metavuln:cache:get:security-advisory:make-dir:0LfYkKFJwV5hNgM07X2/+8WT1T2LrmnH5c0UcSnXm7cB/8z6imJuo7lEYQW5/GqzbvC1ob3RZskF54ZuFXkRgQ== Completed in 21ms
608 timing metavuln:cache:get:security-advisory:istanbul-lib-instrument:Zuo4cgX2ME8DiijMDlofBHd3UQtGdZGgcqVPNoQXASeGsaxKhHxktkPyUgUQjJgzIv3hjtWH+Ups2cdfEpKz0w== Completed in 22ms
609 timing reifyNode:node_modules/@babel/types Completed in 3519ms
610 http fetch GET 200 https://registry.npmjs.org/istanbul-lib-instrument 42ms (cache hit)
611 timing metavuln:packument:istanbul-lib-instrument Completed in 45ms
612 timing metavuln:load:security-advisory:istanbul-lib-instrument:ylVPedjv/X8TpgairrCUKxYrttyJ3d9KZq9OUWSImrjp5hbdN12y00p2CHArh2hdr4BFmY4wjnBtJ5hGE9Q1vQ== Completed in 0ms
613 timing metavuln:calculate:security-advisory:istanbul-lib-instrument:ylVPedjv/X8TpgairrCUKxYrttyJ3d9KZq9OUWSImrjp5hbdN12y00p2CHArh2hdr4BFmY4wjnBtJ5hGE9Q1vQ== Completed in 46ms
614 http fetch GET 200 https://registry.npmjs.org/make-dir 44ms (cache hit)
615 timing metavuln:packument:make-dir Completed in 45ms
616 timing metavuln:load:security-advisory:make-dir:ylVPedjv/X8TpgairrCUKxYrttyJ3d9KZq9OUWSImrjp5hbdN12y00p2CHArh2hdr4BFmY4wjnBtJ5hGE9Q1vQ== Completed in 0ms
617 timing metavuln:calculate:security-advisory:make-dir:ylVPedjv/X8TpgairrCUKxYrttyJ3d9KZq9OUWSImrjp5hbdN12y00p2CHArh2hdr4BFmY4wjnBtJ5hGE9Q1vQ== Completed in 45ms
618 http fetch GET 200 https://registry.npmjs.org/@babel%2fhelper-compilation-targets 48ms (cache hit)
619 timing metavuln:packument:@babel/helper-compilation-targets Completed in 50ms
620 timing metavuln:load:security-advisory:@babel/helper-compilation-targets:ylVPedjv/X8TpgairrCUKxYrttyJ3d9KZq9OUWSImrjp5hbdN12y00p2CHArh2hdr4BFmY4wjnBtJ5hGE9Q1vQ== Completed in 0ms
621 timing metavuln:calculate:security-advisory:@babel/helper-compilation-targets:ylVPedjv/X8TpgairrCUKxYrttyJ3d9KZq9OUWSImrjp5hbdN12y00p2CHArh2hdr4BFmY4wjnBtJ5hGE9Q1vQ== Completed in 50ms
622 http fetch GET 200 https://registry.npmjs.org/@babel%2fcore 51ms (cache hit)
623 timing metavuln:packument:@babel/core Completed in 56ms
624 timing metavuln:load:security-advisory:@babel/core:ylVPedjv/X8TpgairrCUKxYrttyJ3d9KZq9OUWSImrjp5hbdN12y00p2CHArh2hdr4BFmY4wjnBtJ5hGE9Q1vQ== Completed in 1ms
625 timing metavuln:calculate:security-advisory:@babel/core:ylVPedjv/X8TpgairrCUKxYrttyJ3d9KZq9OUWSImrjp5hbdN12y00p2CHArh2hdr4BFmY4wjnBtJ5hGE9Q1vQ== Completed in 57ms
626 timing metavuln:cache:get:security-advisory:request:oidZJow5oFOTjjPr7QIEMMWIoULz1eWuR8AWM7/6XbSVM1RaHAKclyGn6aV3HStvi4APs54SCHi0MsAtRS51TA== Completed in 1ms
627 timing metavuln:load:security-advisory:request:DTxlrRWiUrqzE/NusHx5bT19r3QgJFFD8fHHx+3QTlXllSHQDtcxNYbXyFKpAbJm79uv64Kv+bUe47xyYbLjsA== Completed in 8ms
628 timing metavuln:cache:put:security-advisory:request:oidZJow5oFOTjjPr7QIEMMWIoULz1eWuR8AWM7/6XbSVM1RaHAKclyGn6aV3HStvi4APs54SCHi0MsAtRS51TA== Completed in 25ms
629 timing metavuln:calculate:security-advisory:request:DTxlrRWiUrqzE/NusHx5bT19r3QgJFFD8fHHx+3QTlXllSHQDtcxNYbXyFKpAbJm79uv64Kv+bUe47xyYbLjsA== Completed in 34ms
630 timing metavuln:cache:get:security-advisory:express:1U12eCv7e7l0hmiwzIC06IyhGHc6yoiP0QmFBLBjsxmQjUPplxRzxE1FWDga6ApsBbJ6E3Pr8lV5wLjJ8HKMiQ== Completed in 13ms
631 timing metavuln:cache:get:security-advisory:body-parser:bjFj0LSAGu50/40Rn1IK0634G8tWWVKkO4Qs34tzFvU8DSRo5z2PDK1nQlfceZxEVPVRbJcBQ1YEfM3JHIZWnQ== Completed in 16ms
632 http fetch GET 200 https://registry.npmjs.org/express 25ms (cache hit)
633 timing metavuln:packument:express Completed in 30ms
634 timing metavuln:load:security-advisory:express:LALz/UNgMRBAJZDUlLozMG5fs8ejrPktpx7L93z1tkDhpkW+0xCPeJncvirx7j/VkOlRQPkqoxuW1KNT1QFVuw== Completed in 2ms
635 timing metavuln:calculate:security-advisory:express:LALz/UNgMRBAJZDUlLozMG5fs8ejrPktpx7L93z1tkDhpkW+0xCPeJncvirx7j/VkOlRQPkqoxuW1KNT1QFVuw== Completed in 33ms
636 http fetch GET 200 https://registry.npmjs.org/body-parser 34ms (cache hit)
637 timing metavuln:packument:body-parser Completed in 36ms
638 timing metavuln:load:security-advisory:body-parser:LALz/UNgMRBAJZDUlLozMG5fs8ejrPktpx7L93z1tkDhpkW+0xCPeJncvirx7j/VkOlRQPkqoxuW1KNT1QFVuw== Completed in 1ms
639 timing metavuln:calculate:security-advisory:body-parser:LALz/UNgMRBAJZDUlLozMG5fs8ejrPktpx7L93z1tkDhpkW+0xCPeJncvirx7j/VkOlRQPkqoxuW1KNT1QFVuw== Completed in 38ms
640 timing metavuln:cache:get:security-advisory:nock:mI/oWM0fSMSjDFO2luriWlAmEnz46MTDzeC7P6Cd+qnEKT634g35JuwBmuFzOlcC4qM2npkIktHhz2HjH9DRwg== Completed in 1ms
641 timing metavuln:load:security-advisory:nock:Bnm5EOUdJ35cQupvCCyV24EX/ZL3a3KraesirQ2RUQ+G8uwbLFh+i9MrBqZ5xcwgcyfLYK6wCyLYKZg8DTZJlA== Completed in 14ms
642 timing metavuln:cache:get:security-advisory:superagent:ukgAYVmilJRAB5LZ05LCT+s+Oj7nP+jAtiLba5TsHdgvXFzIN/ULepRM1SYo73/2HsCpZrQRNuKq/OO6B7Id0g== Completed in 17ms
643 timing metavuln:load:security-advisory:superagent:Bnm5EOUdJ35cQupvCCyV24EX/ZL3a3KraesirQ2RUQ+G8uwbLFh+i9MrBqZ5xcwgcyfLYK6wCyLYKZg8DTZJlA== Completed in 23ms
644 timing metavuln:cache:put:security-advisory:nock:mI/oWM0fSMSjDFO2luriWlAmEnz46MTDzeC7P6Cd+qnEKT634g35JuwBmuFzOlcC4qM2npkIktHhz2HjH9DRwg== Completed in 61ms
645 timing metavuln:calculate:security-advisory:nock:Bnm5EOUdJ35cQupvCCyV24EX/ZL3a3KraesirQ2RUQ+G8uwbLFh+i9MrBqZ5xcwgcyfLYK6wCyLYKZg8DTZJlA== Completed in 77ms
646 timing metavuln:cache:put:security-advisory:superagent:ukgAYVmilJRAB5LZ05LCT+s+Oj7nP+jAtiLba5TsHdgvXFzIN/ULepRM1SYo73/2HsCpZrQRNuKq/OO6B7Id0g== Completed in 40ms
647 timing metavuln:calculate:security-advisory:superagent:Bnm5EOUdJ35cQupvCCyV24EX/ZL3a3KraesirQ2RUQ+G8uwbLFh+i9MrBqZ5xcwgcyfLYK6wCyLYKZg8DTZJlA== Completed in 81ms
648 timing metavuln:cache:get:security-advisory:superagent:v4XmEgjuBkBpiLo5I4SV16ElFl6TaCr+4OWq2jQCfpSR7t3vq29GwZ0D254lhsBHl/TfClBSkZa7fTu13c0xtQ== Completed in 20ms
649 timing metavuln:load:security-advisory:superagent:20tDwH6fYKn++PbMnx2tUulmtbaV/gdoUXXQX3IJ8Qzg+tx34k0HmLCCRQ68aR/TWyVmR5LbQdagWrak8dhhtw== Completed in 1ms
650 timing metavuln:calculate:security-advisory:superagent:20tDwH6fYKn++PbMnx2tUulmtbaV/gdoUXXQX3IJ8Qzg+tx34k0HmLCCRQ68aR/TWyVmR5LbQdagWrak8dhhtw== Completed in 21ms
651 timing metavuln:cache:get:security-advisory:chai:rIyuk9q7AQ2DEsaF403ZFZYijb9kSkLqoD9/DOY0WFUq2b54fvBcePuy6Lx7MikbQ+0+azteNs/FUr1kVJgNWg== Completed in 13ms
652 http fetch GET 200 https://registry.npmjs.org/chai 22ms (cache hit)
653 timing metavuln:packument:chai Completed in 24ms
654 timing metavuln:load:security-advisory:chai:GobJdsHlZx6U+2DHQB/9h9fq5eHUC4HJypfobp8m+ag3nX5yUhlTsKh59K7jKR3jYFccctPCtVj8TaD8YNWZ8Q== Completed in 1ms
655 timing metavuln:calculate:security-advisory:chai:GobJdsHlZx6U+2DHQB/9h9fq5eHUC4HJypfobp8m+ag3nX5yUhlTsKh59K7jKR3jYFccctPCtVj8TaD8YNWZ8Q== Completed in 25ms
656 timing reifyNode:node_modules/mocha Completed in 3774ms
657 timing metavuln:cache:get:security-advisory:@babel/core:Sy2gc7rpdk3rztubB1fpNH2+LQTKQojapVI4kgTedTyWRTYRZM0niW98LKHosoKtNl2SRMWO2+SK/HOCHX+NTQ== Completed in 6ms
658 timing metavuln:load:security-advisory:@babel/core:m8W7Rwes/ZJ3ORDHxkA5k2j6IovRIGYScT57x5Vs/y8+LrIlJT0ouu44rfTSXvXLHGtXO/p28yaGgJlnXB95+A== Completed in 1ms
659 timing metavuln:calculate:security-advisory:@babel/core:m8W7Rwes/ZJ3ORDHxkA5k2j6IovRIGYScT57x5Vs/y8+LrIlJT0ouu44rfTSXvXLHGtXO/p28yaGgJlnXB95+A== Completed in 7ms
660 timing metavuln:cache:get:security-advisory:glob:JGMduA5AaTj3TW8OAm8rTgqooSFmTdMKt/7aev3LzwBZh7upBsgyBtwHgLeyoehDwduA4qjoX4u3qsw7Ht/ivw== Completed in 16ms
661 timing metavuln:cache:get:security-advisory:mocha:Hv1Cavh+97wfyfToId9sc9Iz50doOoTFOf7ZYXXfKzzQeXEhinO9dXgZHVfhLTPbKBSGufCtVTnwUtIllQi4Sg== Completed in 15ms
662 timing metavuln:cache:get:security-advisory:test-exclude:fOgUQE2P1KMvDQsVzomeJTarELB5Fp4i0nUHmYRbVp1YEiO1tQPmMKeF6B0syXAB540a4TC8ZR0ZfV4Ov2LBNQ== Completed in 14ms
663 http fetch GET 200 https://registry.npmjs.org/glob 39ms (cache hit)
664 timing metavuln:packument:glob Completed in 42ms
665 timing metavuln:load:security-advisory:glob:fSjx0QWszUnak3c5Bp6uDq3ntkHrccvIeSO6cgrSBc0yB4CzXYtI5I2c2bGNqkVdvFxmJxC8NiIFKsDjj2TxdA== Completed in 1ms
666 timing metavuln:calculate:security-advisory:glob:fSjx0QWszUnak3c5Bp6uDq3ntkHrccvIeSO6cgrSBc0yB4CzXYtI5I2c2bGNqkVdvFxmJxC8NiIFKsDjj2TxdA== Completed in 43ms
667 http fetch GET 200 https://registry.npmjs.org/mocha 45ms (cache hit)
668 timing metavuln:packument:mocha Completed in 51ms
669 timing metavuln:load:security-advisory:mocha:fSjx0QWszUnak3c5Bp6uDq3ntkHrccvIeSO6cgrSBc0yB4CzXYtI5I2c2bGNqkVdvFxmJxC8NiIFKsDjj2TxdA== Completed in 1ms
670 timing metavuln:calculate:security-advisory:mocha:fSjx0QWszUnak3c5Bp6uDq3ntkHrccvIeSO6cgrSBc0yB4CzXYtI5I2c2bGNqkVdvFxmJxC8NiIFKsDjj2TxdA== Completed in 54ms
671 http fetch GET 200 https://registry.npmjs.org/test-exclude 51ms (cache hit)
672 timing metavuln:packument:test-exclude Completed in 53ms
673 timing metavuln:load:security-advisory:test-exclude:fSjx0QWszUnak3c5Bp6uDq3ntkHrccvIeSO6cgrSBc0yB4CzXYtI5I2c2bGNqkVdvFxmJxC8NiIFKsDjj2TxdA== Completed in 0ms
674 timing metavuln:calculate:security-advisory:test-exclude:fSjx0QWszUnak3c5Bp6uDq3ntkHrccvIeSO6cgrSBc0yB4CzXYtI5I2c2bGNqkVdvFxmJxC8NiIFKsDjj2TxdA== Completed in 53ms
675 timing metavuln:cache:get:security-advisory:request:ha9I6cGuLN/1vrRjDs9jKCHGoyshzsZrn3liVXlwfWRxB2E/mWSVQsFkapkL7FqkKtl0mJVld9k3Junaf5/m0g== Completed in 3ms
676 timing metavuln:load:security-advisory:request:VNuwVxANcCKf9fmuD0Vt2V7tyUFg0MOcTBXo66LvguhCeFU0pqdKjCffmtFFsDUZMFdCTHimURRZB0jVSz1wRg== Completed in 7ms
677 timing metavuln:cache:put:security-advisory:request:ha9I6cGuLN/1vrRjDs9jKCHGoyshzsZrn3liVXlwfWRxB2E/mWSVQsFkapkL7FqkKtl0mJVld9k3Junaf5/m0g== Completed in 13ms
678 timing metavuln:calculate:security-advisory:request:VNuwVxANcCKf9fmuD0Vt2V7tyUFg0MOcTBXo66LvguhCeFU0pqdKjCffmtFFsDUZMFdCTHimURRZB0jVSz1wRg== Completed in 23ms
679 timing metavuln:cache:get:security-advisory:express:kftpbgbDmyVmER7CAZfAJ285eZVx+Ulv8lexVDtzBFwP1P3i/u8kINf8JIZc+glkowilgdKxJY6vmsHcZaTHVQ== Completed in 6ms
680 timing metavuln:load:security-advisory:express:bjFj0LSAGu50/40Rn1IK0634G8tWWVKkO4Qs34tzFvU8DSRo5z2PDK1nQlfceZxEVPVRbJcBQ1YEfM3JHIZWnQ== Completed in 1ms
681 timing metavuln:calculate:security-advisory:express:bjFj0LSAGu50/40Rn1IK0634G8tWWVKkO4Qs34tzFvU8DSRo5z2PDK1nQlfceZxEVPVRbJcBQ1YEfM3JHIZWnQ== Completed in 7ms
682 timing auditReport:init Completed in 2742ms
683 timing reify:audit Completed in 3927ms
684 http fetch GET 200 https://registry.npmjs.org/handlebars/-/handlebars-4.7.7.tgz 3483ms (cache miss)
685 timing reifyNode:node_modules/handlebars Completed in 3924ms
686 timing reifyNode:node_modules/caniuse-lite Completed in 4249ms
687 http fetch GET 200 https://registry.npmjs.org/lodash/-/lodash-4.17.21.tgz 3901ms (cache miss)
688 timing reifyNode:node_modules/lodash Completed in 4302ms
689 timing reify:unpack Completed in 4330ms
690 timing reify:unretire Completed in 1ms
691 timing build:queue Completed in 17ms
692 timing build:link:node_modules/@babel/parser Completed in 14ms
693 timing build:link:node_modules/@babel/core/node_modules/semver Completed in 11ms
694 timing build:link:node_modules/@babel/helper-compilation-targets/node_modules/semver Completed in 11ms
695 timing build:link:node_modules/@istanbuljs/load-nyc-config/node_modules/js-yaml Completed in 11ms
696 timing build:link:node_modules/istanbul-lib-instrument/node_modules/semver Completed in 11ms
697 timing build:link:node_modules/make-dir/node_modules/semver Completed in 11ms
698 timing build:link:node_modules/browserslist Completed in 14ms
699 timing build:link:node_modules/esprima Completed in 14ms
700 timing build:link:node_modules/flat Completed in 14ms
701 timing build:link:node_modules/handlebars Completed in 13ms
702 timing build:link:node_modules/he Completed in 13ms
703 timing build:link:node_modules/js-yaml Completed in 13ms
704 timing build:link:node_modules/jsesc Completed in 13ms
705 timing build:link:node_modules/json5 Completed in 13ms
706 timing build:link:node_modules/mime Completed in 14ms
707 timing build:link:node_modules/mkdirp Completed in 13ms
708 timing build:link:node_modules/mocha Completed in 13ms
709 timing build:link:node_modules/nanoid Completed in 13ms
710 timing build:link:node_modules/nyc Completed in 13ms
711 timing build:link:node_modules/rimraf Completed in 13ms
712 timing build:link:node_modules/semver Completed in 13ms
713 timing build:link:node_modules/sshpk Completed in 13ms
714 timing build:link:node_modules/uglify-js Completed in 12ms
715 timing build:link:node_modules/uuid Completed in 12ms
716 timing build:link:node_modules/which Completed in 12ms
717 timing build:link Completed in 16ms
718 timing build:deps Completed in 35ms
719 timing build Completed in 35ms
720 timing reify:build Completed in 36ms
721 timing reify:trash Completed in 1ms
722 timing reify:save Completed in 125ms
723 timing reify Completed in 5035ms
724 silly ADD node_modules/yocto-queue
725 silly ADD node_modules/yargs-unparser
726 silly ADD node_modules/yargs-unparser/node_modules/decamelize
727 silly ADD node_modules/yargs-unparser/node_modules/camelcase
728 silly ADD node_modules/yargs-parser
729 silly ADD node_modules/yargs
730 silly ADD node_modules/y18n
731 silly ADD node_modules/write-file-atomic
732 silly ADD node_modules/wrappy
733 silly ADD node_modules/wrap-ansi
734 silly ADD node_modules/workerpool
735 silly ADD node_modules/wordwrap
736 silly ADD node_modules/which-module
737 silly ADD node_modules/which
738 silly ADD node_modules/verror
739 silly ADD node_modules/vary
740 silly ADD node_modules/uuid
741 silly ADD node_modules/utils-merge
742 silly ADD node_modules/util-deprecate
743 silly ADD node_modules/uri-js
744 silly ADD node_modules/unpipe
745 silly ADD node_modules/uglify-js
746 silly ADD node_modules/typedarray-to-buffer
747 silly ADD node_modules/type-is
748 silly ADD node_modules/type-fest
749 silly ADD node_modules/type-detect
750 silly ADD node_modules/tweetnacl
751 silly ADD node_modules/tunnel-agent
752 silly ADD node_modules/tough-cookie
753 silly ADD node_modules/toidentifier
754 silly ADD node_modules/to-regex-range
755 silly ADD node_modules/to-fast-properties
756 silly ADD node_modules/test-exclude
757 silly ADD node_modules/supports-color
758 silly ADD node_modules/supertest
759 silly ADD node_modules/superagent
760 silly ADD node_modules/strip-json-comments
761 silly ADD node_modules/strip-bom
762 silly ADD node_modules/strip-ansi
763 silly ADD node_modules/string-width
764 silly ADD node_modules/string_decoder
765 silly ADD node_modules/statuses
766 silly ADD node_modules/sshpk
767 silly ADD node_modules/sprintf-js
768 silly ADD node_modules/spawn-wrap
769 silly ADD node_modules/source-map
770 silly ADD node_modules/signal-exit
771 silly ADD node_modules/shebang-regex
772 silly ADD node_modules/shebang-command
773 silly ADD node_modules/setprototypeof
774 silly ADD node_modules/set-blocking
775 silly ADD node_modules/serve-static
776 silly ADD node_modules/serialize-javascript
777 silly ADD node_modules/send
778 silly ADD node_modules/send/node_modules/debug
779 silly ADD node_modules/send/node_modules/debug/node_modules/ms
780 silly ADD node_modules/semver
781 silly ADD node_modules/safer-buffer
782 silly ADD node_modules/safe-buffer
783 silly ADD node_modules/rimraf
784 silly ADD node_modules/resolve-from
785 silly ADD node_modules/require-main-filename
786 silly ADD node_modules/require-directory
787 silly ADD node_modules/request
788 silly ADD node_modules/request/node_modules/qs
789 silly ADD node_modules/request/node_modules/form-data
790 silly ADD node_modules/release-zalgo
791 silly ADD node_modules/regexp.prototype.flags
792 silly ADD node_modules/readdirp
793 silly ADD node_modules/readable-stream
794 silly ADD node_modules/raw-body
795 silly ADD node_modules/range-parser
796 silly ADD node_modules/randombytes
797 silly ADD node_modules/qs
798 silly ADD node_modules/punycode
799 silly ADD node_modules/psl
800 silly ADD node_modules/proxy-addr
801 silly ADD node_modules/propagate
802 silly ADD node_modules/process-on-spawn
803 silly ADD node_modules/process-nextick-args
804 silly ADD node_modules/pkg-dir
805 silly ADD node_modules/pkg-dir/node_modules/p-locate
806 silly ADD node_modules/pkg-dir/node_modules/p-limit
807 silly ADD node_modules/pkg-dir/node_modules/locate-path
808 silly ADD node_modules/pkg-dir/node_modules/find-up
809 silly ADD node_modules/picomatch
810 silly ADD node_modules/picocolors
811 silly ADD node_modules/performance-now
812 silly ADD node_modules/pathval
813 silly ADD node_modules/path-to-regexp
814 silly ADD node_modules/path-key
815 silly ADD node_modules/path-is-absolute
816 silly ADD node_modules/path-exists
817 silly ADD node_modules/parseurl
818 silly ADD node_modules/package-hash
819 silly ADD node_modules/p-try
820 silly ADD node_modules/p-map
821 silly ADD node_modules/p-locate
822 silly ADD node_modules/p-limit
823 silly ADD node_modules/once
824 silly ADD node_modules/on-finished
825 silly ADD node_modules/object-keys
826 silly ADD node_modules/object-is
827 silly ADD node_modules/oauth-sign
828 silly ADD node_modules/nyc
829 silly ADD node_modules/nyc/node_modules/yargs-parser
830 silly ADD node_modules/nyc/node_modules/yargs
831 silly ADD node_modules/nyc/node_modules/y18n
832 silly ADD node_modules/nyc/node_modules/wrap-ansi
833 silly ADD node_modules/nyc/node_modules/p-locate
834 silly ADD node_modules/nyc/node_modules/p-limit
835 silly ADD node_modules/nyc/node_modules/locate-path
836 silly ADD node_modules/nyc/node_modules/find-up
837 silly ADD node_modules/nyc/node_modules/cliui
838 silly ADD node_modules/normalize-path
839 silly ADD node_modules/node-releases
840 silly ADD node_modules/node-preload
841 silly ADD node_modules/nock
842 silly ADD node_modules/nock/node_modules/debug
843 silly ADD node_modules/neo-async
844 silly ADD node_modules/negotiator
845 silly ADD node_modules/nanoid
846 silly ADD node_modules/ms
847 silly ADD node_modules/mocha
848 silly ADD node_modules/mocha/node_modules/ms
849 silly ADD node_modules/mocha/node_modules/debug
850 silly ADD node_modules/mocha/node_modules/debug/node_modules/ms
851 silly ADD node_modules/mkdirp
852 silly ADD node_modules/minimist
853 silly ADD node_modules/minimatch
854 silly ADD node_modules/mime-types
855 silly ADD node_modules/mime-db
856 silly ADD node_modules/mime
857 silly ADD node_modules/methods
858 silly ADD node_modules/merge-descriptors
859 silly ADD node_modules/media-typer
860 silly ADD node_modules/make-dir
861 silly ADD node_modules/make-dir/node_modules/semver
862 silly ADD node_modules/log-symbols
863 silly ADD node_modules/lodash.flattendeep
864 silly ADD node_modules/lodash
865 silly ADD node_modules/locate-path
866 silly ADD node_modules/jsprim
867 silly ADD node_modules/json5
868 silly ADD node_modules/json-stringify-safe
869 silly ADD node_modules/json-schema-traverse
870 silly ADD node_modules/json-schema
871 silly ADD node_modules/jsesc
872 silly ADD node_modules/jsbn
873 silly ADD node_modules/js-yaml
874 silly ADD node_modules/js-tokens
875 silly ADD node_modules/istanbul-reports
876 silly ADD node_modules/istanbul-lib-source-maps
877 silly ADD node_modules/istanbul-lib-source-maps/node_modules/ms
878 silly ADD node_modules/istanbul-lib-source-maps/node_modules/debug
879 silly ADD node_modules/istanbul-lib-report
880 silly ADD node_modules/istanbul-lib-report/node_modules/supports-color
881 silly ADD node_modules/istanbul-lib-processinfo
882 silly ADD node_modules/istanbul-lib-instrument
883 silly ADD node_modules/istanbul-lib-instrument/node_modules/semver
884 silly ADD node_modules/istanbul-lib-hook
885 silly ADD node_modules/istanbul-lib-coverage
886 silly ADD node_modules/isstream
887 silly ADD node_modules/isexe
888 silly ADD node_modules/isarray
889 silly ADD node_modules/is-windows
890 silly ADD node_modules/is-unicode-supported
891 silly ADD node_modules/is-typedarray
892 silly ADD node_modules/is-stream
893 silly ADD node_modules/is-regex
894 silly ADD node_modules/is-plain-obj
895 silly ADD node_modules/is-number
896 silly ADD node_modules/is-glob
897 silly ADD node_modules/is-fullwidth-code-point
898 silly ADD node_modules/is-extglob
899 silly ADD node_modules/is-date-object
900 silly ADD node_modules/is-binary-path
901 silly ADD node_modules/is-arguments
902 silly ADD node_modules/ipaddr.js
903 silly ADD node_modules/inherits
904 silly ADD node_modules/inflight
905 silly ADD node_modules/indent-string
906 silly ADD node_modules/imurmurhash
907 silly ADD node_modules/iconv-lite
908 silly ADD node_modules/http-signature
909 silly ADD node_modules/http-errors
910 silly ADD node_modules/http-errors/node_modules/inherits
911 silly ADD node_modules/html-escaper
912 silly ADD node_modules/he
913 silly ADD node_modules/hasha
914 silly ADD node_modules/has-flag
915 silly ADD node_modules/has
916 silly ADD node_modules/har-validator
917 silly ADD node_modules/har-schema
918 silly ADD node_modules/handlebars
919 silly ADD node_modules/growl
920 silly ADD node_modules/graceful-fs
921 silly ADD node_modules/globals
922 silly ADD node_modules/glob-parent
923 silly ADD node_modules/glob
924 silly ADD node_modules/getpass
925 silly ADD node_modules/get-package-type
926 silly ADD node_modules/get-func-name
927 silly ADD node_modules/get-caller-file
928 silly ADD node_modules/gensync
929 silly ADD node_modules/function-bind
930 silly ADD
931 silly ADD node_modules/fs.realpath
932 silly ADD node_modules/fromentries
933 silly ADD node_modules/fresh
934 silly ADD node_modules/forwarded
935 silly ADD node_modules/formidable
936 silly ADD node_modules/form-data
937 silly ADD node_modules/forever-agent
938 silly ADD node_modules/foreground-child
939 silly ADD node_modules/flat
940 silly ADD node_modules/find-up
941 silly ADD node_modules/find-cache-dir
942 silly ADD node_modules/finalhandler
943 silly ADD node_modules/finalhandler/node_modules/ms
944 silly ADD node_modules/finalhandler/node_modules/debug
945 silly ADD node_modules/fill-range
946 silly ADD node_modules/fast-json-stable-stringify
947 silly ADD node_modules/fast-deep-equal
948 silly ADD node_modules/extsprintf
949 silly ADD node_modules/extend
950 silly ADD node_modules/express-handlebars
951 silly ADD node_modules/express
952 silly ADD node_modules/express/node_modules/qs
953 silly ADD node_modules/express/node_modules/ms
954 silly ADD node_modules/express/node_modules/debug
955 silly ADD node_modules/etag
956 silly ADD node_modules/esprima
957 silly ADD node_modules/escape-string-regexp
958 silly ADD node_modules/escape-html
959 silly ADD node_modules/escalade
960 silly ADD node_modules/es6-error
961 silly ADD node_modules/encodeurl
962 silly ADD node_modules/emoji-regex
963 silly ADD node_modules/electron-to-chromium
964 silly ADD node_modules/ee-first
965 silly ADD node_modules/ecc-jsbn
966 silly ADD node_modules/diff
967 silly ADD node_modules/destroy
968 silly ADD node_modules/depd
969 silly ADD node_modules/delayed-stream
970 silly ADD node_modules/define-properties
971 silly ADD node_modules/default-require-extensions
972 silly ADD node_modules/deep-equal
973 silly ADD node_modules/deep-eql
974 silly ADD node_modules/decamelize
975 silly ADD node_modules/debug
976 silly ADD node_modules/dashdash
977 silly ADD node_modules/cross-spawn
978 silly ADD node_modules/core-util-is
979 silly ADD node_modules/cookiejar
980 silly ADD node_modules/cookie-signature
981 silly ADD node_modules/cookie
982 silly ADD node_modules/convert-source-map
983 silly ADD node_modules/content-type
984 silly ADD node_modules/content-disposition
985 silly ADD node_modules/concat-map
986 silly ADD node_modules/component-emitter
987 silly ADD node_modules/commondir
988 silly ADD node_modules/commander
989 silly ADD node_modules/combined-stream
990 silly ADD node_modules/color-name
991 silly ADD node_modules/color-convert
992 silly ADD node_modules/cliui
993 silly ADD node_modules/clean-stack
994 silly ADD node_modules/chokidar
995 silly ADD node_modules/check-error
996 silly ADD node_modules/chalk
997 silly ADD node_modules/chalk/node_modules/supports-color
998 silly ADD node_modules/chai
999 silly ADD node_modules/caseless
1000 silly ADD node_modules/caniuse-lite
1001 silly ADD node_modules/camelcase
1002 silly ADD node_modules/caching-transform
1003 silly ADD node_modules/bytes
1004 silly ADD node_modules/browserslist
1005 silly ADD node_modules/browser-stdout
1006 silly ADD node_modules/braces
1007 silly ADD node_modules/brace-expansion
1008 silly ADD node_modules/body-parser
1009 silly ADD node_modules/body-parser/node_modules/qs
1010 silly ADD node_modules/body-parser/node_modules/ms
1011 silly ADD node_modules/body-parser/node_modules/debug
1012 silly ADD node_modules/binary-extensions
1013 silly ADD node_modules/bcrypt-pbkdf
1014 silly ADD node_modules/balanced-match
1015 silly ADD node_modules/aws4
1016 silly ADD node_modules/aws-sign2
1017 silly ADD node_modules/asynckit
1018 silly ADD node_modules/assertion-error
1019 silly ADD node_modules/assert-plus
1020 silly ADD node_modules/asn1
1021 silly ADD node_modules/array-flatten
1022 silly ADD node_modules/argparse
1023 silly ADD node_modules/archy
1024 silly ADD node_modules/append-transform
1025 silly ADD node_modules/anymatch
1026 silly ADD node_modules/ansi-styles
1027 silly ADD node_modules/ansi-regex
1028 silly ADD node_modules/ansi-colors
1029 silly ADD node_modules/ajv
1030 silly ADD node_modules/aggregate-error
1031 silly ADD node_modules/accepts
1032 silly ADD node_modules/@ungap/promise-all-settled
1033 silly ADD node_modules/@jridgewell/trace-mapping
1034 silly ADD node_modules/@jridgewell/sourcemap-codec
1035 silly ADD node_modules/@jridgewell/resolve-uri
1036 silly ADD node_modules/@istanbuljs/schema
1037 silly ADD node_modules/@istanbuljs/load-nyc-config
1038 silly ADD node_modules/@istanbuljs/load-nyc-config/node_modules/p-locate
1039 silly ADD node_modules/@istanbuljs/load-nyc-config/node_modules/p-limit
1040 silly ADD node_modules/@istanbuljs/load-nyc-config/node_modules/locate-path
1041 silly ADD node_modules/@istanbuljs/load-nyc-config/node_modules/js-yaml
1042 silly ADD node_modules/@istanbuljs/load-nyc-config/node_modules/find-up
1043 silly ADD node_modules/@istanbuljs/load-nyc-config/node_modules/argparse
1044 silly ADD node_modules/@babel/types
1045 silly ADD node_modules/@babel/traverse
1046 silly ADD node_modules/@babel/traverse/node_modules/ms
1047 silly ADD node_modules/@babel/traverse/node_modules/debug
1048 silly ADD node_modules/@babel/template
1049 silly ADD node_modules/@babel/parser
1050 silly ADD node_modules/@babel/highlight
1051 silly ADD node_modules/@babel/highlight/node_modules/supports-color
1052 silly ADD node_modules/@babel/highlight/node_modules/has-flag
1053 silly ADD node_modules/@babel/highlight/node_modules/escape-string-regexp
1054 silly ADD node_modules/@babel/highlight/node_modules/color-name
1055 silly ADD node_modules/@babel/highlight/node_modules/color-convert
1056 silly ADD node_modules/@babel/highlight/node_modules/chalk
1057 silly ADD node_modules/@babel/highlight/node_modules/ansi-styles
1058 silly ADD node_modules/@babel/helpers
1059 silly ADD node_modules/@babel/helper-validator-option
1060 silly ADD node_modules/@babel/helper-validator-identifier
1061 silly ADD node_modules/@babel/helper-split-export-declaration
1062 silly ADD node_modules/@babel/helper-simple-access
1063 silly ADD node_modules/@babel/helper-module-transforms
1064 silly ADD node_modules/@babel/helper-module-imports
1065 silly ADD node_modules/@babel/helper-hoist-variables
1066 silly ADD node_modules/@babel/helper-get-function-arity
1067 silly ADD node_modules/@babel/helper-function-name
1068 silly ADD node_modules/@babel/helper-environment-visitor
1069 silly ADD node_modules/@babel/helper-compilation-targets
1070 silly ADD node_modules/@babel/helper-compilation-targets/node_modules/semver
1071 silly ADD node_modules/@babel/generator
1072 silly ADD node_modules/@babel/generator/node_modules/source-map
1073 silly ADD node_modules/@babel/core
1074 silly ADD node_modules/@babel/core/node_modules/semver
1075 silly ADD node_modules/@babel/core/node_modules/ms
1076 silly ADD node_modules/@babel/core/node_modules/debug
1077 silly ADD node_modules/@babel/compat-data
1078 silly ADD node_modules/@babel/code-frame
1079 silly ADD node_modules/@ampproject/remapping
1080 timing command:install Completed in 5087ms
1081 verbose exit 0
1082 timing npm Completed in 5228ms
1083 info ok
